<?xml version="1.0" encoding="UTF-8" ?>
<testsuite tests="14" failures="0" name="com.sludev.commons.vfs2.provider.azure.AzFileProviderTest" time="0.43" errors="14" skipped="0">
  <properties>
    <property name="jansi.mode" value="strip"/>
    <property name="java.runtime.name" value="OpenJDK Runtime Environment"/>
    <property name="java.vm.version" value="11+28"/>
    <property name="sun.boot.library.path" value="C:\Development\jdk-11\bin"/>
    <property name="maven.multiModuleProjectDirectory" value="C:\Users\patri\Documents\GitHub\vfs-azure\vfs-azure"/>
    <property name="java.vm.vendor" value="Oracle Corporation"/>
    <property name="java.vendor.url" value="http://java.oracle.com/"/>
    <property name="guice.disable.misplaced.annotation.check" value="true"/>
    <property name="path.separator" value=";"/>
    <property name="java.vm.name" value="OpenJDK 64-Bit Server VM"/>
    <property name="sun.os.patch.level" value=""/>
    <property name="user.script" value=""/>
    <property name="user.country" value="DE"/>
    <property name="sun.java.launcher" value="SUN_STANDARD"/>
    <property name="java.vm.specification.name" value="Java Virtual Machine Specification"/>
    <property name="user.dir" value="C:\Users\patri\Documents\GitHub\vfs-azure\vfs-azure"/>
    <property name="java.vm.compressedOopsMode" value="Zero based"/>
    <property name="java.runtime.version" value="11+28"/>
    <property name="java.awt.graphicsenv" value="sun.awt.Win32GraphicsEnvironment"/>
    <property name="os.arch" value="amd64"/>
    <property name="java.io.tmpdir" value="C:\Users\patri\AppData\Local\Temp\"/>
    <property name="line.separator" value="
"/>
    <property name="java.vm.specification.vendor" value="Oracle Corporation"/>
    <property name="user.variant" value=""/>
    <property name="os.name" value="Windows 10"/>
    <property name="classworlds.conf" value="C:\Development\apache-maven-3.8.4\bin\m2.conf"/>
    <property name="sun.jnu.encoding" value="Cp1252"/>
    <property name="java.library.path" value="C:\Development\jdk-11\bin;C:\Windows\Sun\Java\bin;C:\Windows\system32;C:\Windows;C:\Windows\system32;C:\Windows;C:\Windows\System32\Wbem;C:\Windows\System32\WindowsPowerShell\v1.0\;C:\Windows\System32\OpenSSH\;C:\Program Files (x86)\NVIDIA Corporation\PhysX\Common;C:\Program Files\Git\cmd;C:\Users\patri\AppData\Local\Microsoft\WindowsApps;C:\Development\apache-maven-3.8.4\bin;C:\Development\jdk-11\bin;C:\Users\patri\AppData\Local\GitHubDesktop\bin;."/>
    <property name="maven.conf" value="C:\Development\apache-maven-3.8.4/conf"/>
    <property name="jdk.debug" value="release"/>
    <property name="java.class.version" value="55.0"/>
    <property name="java.specification.name" value="Java Platform API Specification"/>
    <property name="sun.management.compiler" value="HotSpot 64-Bit Tiered Compilers"/>
    <property name="os.version" value="10.0"/>
    <property name="library.jansi.path" value="C:\Development\apache-maven-3.8.4\lib\jansi-native"/>
    <property name="user.home" value="C:\Users\patri"/>
    <property name="user.timezone" value="Europe/Berlin"/>
    <property name="java.awt.printerjob" value="sun.awt.windows.WPrinterJob"/>
    <property name="file.encoding" value="Cp1252"/>
    <property name="java.specification.version" value="11"/>
    <property name="user.name" value="patri"/>
    <property name="java.class.path" value="C:\Development\apache-maven-3.8.4\boot\plexus-classworlds-2.6.0.jar"/>
    <property name="java.vm.specification.version" value="11"/>
    <property name="sun.arch.data.model" value="64"/>
    <property name="sun.java.command" value="org.codehaus.plexus.classworlds.launcher.Launcher -B package --file pom.xml"/>
    <property name="java.home" value="C:\Development\jdk-11"/>
    <property name="user.language" value="de"/>
    <property name="java.specification.vendor" value="Oracle Corporation"/>
    <property name="awt.toolkit" value="sun.awt.windows.WToolkit"/>
    <property name="java.vm.info" value="mixed mode"/>
    <property name="java.version" value="11"/>
    <property name="java.vendor" value="Oracle Corporation"/>
    <property name="sun.stderr.encoding" value="cp850"/>
    <property name="maven.home" value="C:\Development\apache-maven-3.8.4"/>
    <property name="file.separator" value="\"/>
    <property name="java.version.date" value="2018-09-25"/>
    <property name="java.vendor.url.bug" value="http://bugreport.java.com/bugreport/"/>
    <property name="sun.io.unicode.encoding" value="UnicodeLittle"/>
    <property name="sun.cpu.endian" value="little"/>
    <property name="java.vendor.version" value="18.9"/>
    <property name="sun.stdout.encoding" value="cp850"/>
    <property name="sun.desktop" value="windows"/>
    <property name="sun.cpu.isalist" value="amd64"/>
  </properties>
  <testcase classname="com.sludev.commons.vfs2.provider.azure.AzFileProviderTest" name="A001_uploadFile" time="0.19">
    <error message="Invalid absolute URI &quot;azsb://null/***YOUR TEST CONTAINER***/test01.tmp&quot;." type="org.apache.commons.vfs2.FileSystemException">org.apache.commons.vfs2.FileSystemException: Invalid absolute URI &quot;azsb://null/***YOUR TEST CONTAINER***/test01.tmp&quot;.
	at org.apache.commons.vfs2.provider.AbstractOriginatingFileProvider.findFile(AbstractOriginatingFileProvider.java:51)
	at org.apache.commons.vfs2.impl.DefaultFileSystemManager.resolveFile(DefaultFileSystemManager.java:716)
	at org.apache.commons.vfs2.impl.DefaultFileSystemManager.resolveFile(DefaultFileSystemManager.java:653)
	at com.sludev.commons.vfs2.provider.azure.AzFileProviderTest.A001_uploadFile(AzFileProviderTest.java:136)
	at java.base/jdk.internal.reflect.NativeMethodAccessorImpl.invoke0(Native Method)
	at java.base/jdk.internal.reflect.NativeMethodAccessorImpl.invoke(NativeMethodAccessorImpl.java:62)
	at java.base/jdk.internal.reflect.DelegatingMethodAccessorImpl.invoke(DelegatingMethodAccessorImpl.java:43)
	at java.base/java.lang.reflect.Method.invoke(Method.java:566)
	at org.junit.runners.model.FrameworkMethod$1.runReflectiveCall(FrameworkMethod.java:50)
	at org.junit.internal.runners.model.ReflectiveCallable.run(ReflectiveCallable.java:12)
	at org.junit.runners.model.FrameworkMethod.invokeExplosively(FrameworkMethod.java:47)
	at org.junit.internal.runners.statements.InvokeMethod.evaluate(InvokeMethod.java:17)
	at org.junit.internal.runners.statements.RunBefores.evaluate(RunBefores.java:26)
	at org.junit.internal.runners.statements.RunAfters.evaluate(RunAfters.java:27)
	at org.junit.rules.TestWatcher$1.evaluate(TestWatcher.java:55)
	at org.junit.rules.RunRules.evaluate(RunRules.java:20)
	at org.junit.runners.ParentRunner.runLeaf(ParentRunner.java:325)
	at org.junit.runners.BlockJUnit4ClassRunner.runChild(BlockJUnit4ClassRunner.java:78)
	at org.junit.runners.BlockJUnit4ClassRunner.runChild(BlockJUnit4ClassRunner.java:57)
	at org.junit.runners.ParentRunner$3.run(ParentRunner.java:290)
	at org.junit.runners.ParentRunner$1.schedule(ParentRunner.java:71)
	at org.junit.runners.ParentRunner.runChildren(ParentRunner.java:288)
	at org.junit.runners.ParentRunner.access$000(ParentRunner.java:58)
	at org.junit.runners.ParentRunner$2.evaluate(ParentRunner.java:268)
	at org.junit.internal.runners.statements.RunBefores.evaluate(RunBefores.java:26)
	at org.junit.internal.runners.statements.RunAfters.evaluate(RunAfters.java:27)
	at org.junit.runners.ParentRunner.run(ParentRunner.java:363)
	at org.apache.maven.surefire.junit4.JUnit4Provider.execute(JUnit4Provider.java:252)
	at org.apache.maven.surefire.junit4.JUnit4Provider.executeTestSet(JUnit4Provider.java:141)
	at org.apache.maven.surefire.junit4.JUnit4Provider.invoke(JUnit4Provider.java:112)
	at java.base/jdk.internal.reflect.NativeMethodAccessorImpl.invoke0(Native Method)
	at java.base/jdk.internal.reflect.NativeMethodAccessorImpl.invoke(NativeMethodAccessorImpl.java:62)
	at java.base/jdk.internal.reflect.DelegatingMethodAccessorImpl.invoke(DelegatingMethodAccessorImpl.java:43)
	at java.base/java.lang.reflect.Method.invoke(Method.java:566)
	at org.apache.maven.surefire.util.ReflectionUtils.invokeMethodWithArray(ReflectionUtils.java:189)
	at org.apache.maven.surefire.booter.ProviderFactory$ProviderProxy.invoke(ProviderFactory.java:165)
	at org.apache.maven.surefire.booter.ProviderFactory.invokeProvider(ProviderFactory.java:85)
	at org.apache.maven.surefire.booter.ForkedBooter.runSuitesInProcess(ForkedBooter.java:115)
	at org.apache.maven.surefire.booter.ForkedBooter.main(ForkedBooter.java:75)
Caused by: org.apache.commons.vfs2.FileSystemException: Expecting // to follow the scheme in URI &quot;azsb://null/***YOUR TEST CONTAINER***/test01.tmp&quot;.
	at org.apache.commons.vfs2.provider.HostFileNameParser.extractToPath(HostFileNameParser.java:79)
	at org.apache.commons.vfs2.provider.URLFileNameParser.parseUri(URLFileNameParser.java:47)
	at org.apache.commons.vfs2.provider.AbstractFileProvider.parseUri(AbstractFileProvider.java:179)
	at org.apache.commons.vfs2.provider.AbstractOriginatingFileProvider.findFile(AbstractOriginatingFileProvider.java:49)
	... 38 more
</error>
    <system-out>12:49:41.608 [main] DEBUG com.sludev.commons.vfs2.provider.azure.AzFileProviderTest - Error setting up remote folder structure.  Have you set the test001.properties file?
org.apache.commons.vfs2.FileSystemException: Invalid absolute URI &quot;azsb://null/***YOUR TEST CONTAINER***/uploadFile02\dir01\file01&quot;.
	at org.apache.commons.vfs2.provider.AbstractOriginatingFileProvider.findFile(AbstractOriginatingFileProvider.java:51) ~[commons-vfs2-2.3.jar:2.3]
	at org.apache.commons.vfs2.impl.DefaultFileSystemManager.resolveFile(DefaultFileSystemManager.java:716) ~[commons-vfs2-2.3.jar:2.3]
	at org.apache.commons.vfs2.impl.DefaultFileSystemManager.resolveFile(DefaultFileSystemManager.java:653) ~[commons-vfs2-2.3.jar:2.3]
	at com.sludev.commons.vfs2.provider.azure.AzTestUtils.uploadFile(AzTestUtils.java:54) ~[test-classes/:?]
	at com.sludev.commons.vfs2.provider.azure.AzFileProviderTest.uploadFileSetup02(AzFileProviderTest.java:377) ~[test-classes/:?]
	at com.sludev.commons.vfs2.provider.azure.AzFileProviderTest.setUp(AzFileProviderTest.java:80) [test-classes/:?]
	at jdk.internal.reflect.NativeMethodAccessorImpl.invoke0(Native Method) ~[?:?]
	at jdk.internal.reflect.NativeMethodAccessorImpl.invoke(NativeMethodAccessorImpl.java:62) ~[?:?]
	at jdk.internal.reflect.DelegatingMethodAccessorImpl.invoke(DelegatingMethodAccessorImpl.java:43) ~[?:?]
	at java.lang.reflect.Method.invoke(Method.java:566) ~[?:?]
	at org.junit.runners.model.FrameworkMethod$1.runReflectiveCall(FrameworkMethod.java:50) [junit-4.12.jar:4.12]
	at org.junit.internal.runners.model.ReflectiveCallable.run(ReflectiveCallable.java:12) [junit-4.12.jar:4.12]
	at org.junit.runners.model.FrameworkMethod.invokeExplosively(FrameworkMethod.java:47) [junit-4.12.jar:4.12]
	at org.junit.internal.runners.statements.RunBefores.evaluate(RunBefores.java:24) [junit-4.12.jar:4.12]
	at org.junit.internal.runners.statements.RunAfters.evaluate(RunAfters.java:27) [junit-4.12.jar:4.12]
	at org.junit.rules.TestWatcher$1.evaluate(TestWatcher.java:55) [junit-4.12.jar:4.12]
	at org.junit.rules.RunRules.evaluate(RunRules.java:20) [junit-4.12.jar:4.12]
	at org.junit.runners.ParentRunner.runLeaf(ParentRunner.java:325) [junit-4.12.jar:4.12]
	at org.junit.runners.BlockJUnit4ClassRunner.runChild(BlockJUnit4ClassRunner.java:78) [junit-4.12.jar:4.12]
	at org.junit.runners.BlockJUnit4ClassRunner.runChild(BlockJUnit4ClassRunner.java:57) [junit-4.12.jar:4.12]
	at org.junit.runners.ParentRunner$3.run(ParentRunner.java:290) [junit-4.12.jar:4.12]
	at org.junit.runners.ParentRunner$1.schedule(ParentRunner.java:71) [junit-4.12.jar:4.12]
	at org.junit.runners.ParentRunner.runChildren(ParentRunner.java:288) [junit-4.12.jar:4.12]
	at org.junit.runners.ParentRunner.access$000(ParentRunner.java:58) [junit-4.12.jar:4.12]
	at org.junit.runners.ParentRunner$2.evaluate(ParentRunner.java:268) [junit-4.12.jar:4.12]
	at org.junit.internal.runners.statements.RunBefores.evaluate(RunBefores.java:26) [junit-4.12.jar:4.12]
	at org.junit.internal.runners.statements.RunAfters.evaluate(RunAfters.java:27) [junit-4.12.jar:4.12]
	at org.junit.runners.ParentRunner.run(ParentRunner.java:363) [junit-4.12.jar:4.12]
	at org.apache.maven.surefire.junit4.JUnit4Provider.execute(JUnit4Provider.java:252) [surefire-junit4-2.12.4.jar:2.12.4]
	at org.apache.maven.surefire.junit4.JUnit4Provider.executeTestSet(JUnit4Provider.java:141) [surefire-junit4-2.12.4.jar:2.12.4]
	at org.apache.maven.surefire.junit4.JUnit4Provider.invoke(JUnit4Provider.java:112) [surefire-junit4-2.12.4.jar:2.12.4]
	at jdk.internal.reflect.NativeMethodAccessorImpl.invoke0(Native Method) ~[?:?]
	at jdk.internal.reflect.NativeMethodAccessorImpl.invoke(NativeMethodAccessorImpl.java:62) ~[?:?]
	at jdk.internal.reflect.DelegatingMethodAccessorImpl.invoke(DelegatingMethodAccessorImpl.java:43) ~[?:?]
	at java.lang.reflect.Method.invoke(Method.java:566) ~[?:?]
	at org.apache.maven.surefire.util.ReflectionUtils.invokeMethodWithArray(ReflectionUtils.java:189) [surefire-api-2.12.4.jar:2.12.4]
	at org.apache.maven.surefire.booter.ProviderFactory$ProviderProxy.invoke(ProviderFactory.java:165) [surefire-booter-2.12.4.jar:2.12.4]
	at org.apache.maven.surefire.booter.ProviderFactory.invokeProvider(ProviderFactory.java:85) [surefire-booter-2.12.4.jar:2.12.4]
	at org.apache.maven.surefire.booter.ForkedBooter.runSuitesInProcess(ForkedBooter.java:115) [surefire-booter-2.12.4.jar:2.12.4]
	at org.apache.maven.surefire.booter.ForkedBooter.main(ForkedBooter.java:75) [surefire-booter-2.12.4.jar:2.12.4]
Caused by: org.apache.commons.vfs2.FileSystemException: Expecting // to follow the scheme in URI &quot;azsb://null/***YOUR TEST CONTAINER***/uploadFile02\dir01\file01&quot;.
	at org.apache.commons.vfs2.provider.HostFileNameParser.extractToPath(HostFileNameParser.java:79) ~[commons-vfs2-2.3.jar:2.3]
	at org.apache.commons.vfs2.provider.URLFileNameParser.parseUri(URLFileNameParser.java:47) ~[commons-vfs2-2.3.jar:2.3]
	at org.apache.commons.vfs2.provider.AbstractFileProvider.parseUri(AbstractFileProvider.java:179) ~[commons-vfs2-2.3.jar:2.3]
	at org.apache.commons.vfs2.provider.AbstractOriginatingFileProvider.findFile(AbstractOriginatingFileProvider.java:49) ~[commons-vfs2-2.3.jar:2.3]
	... 39 more
12:49:41.620 [main] INFO  com.sludev.commons.vfs2.provider.azure.AzTestWatcher - A001_uploadFile(com.sludev.commons.vfs2.provider.azure.AzFileProviderTest) failed There were 2 errors:
  org.apache.commons.vfs2.FileSystemException(Invalid absolute URI &quot;azsb://null/***YOUR TEST CONTAINER***/test01.tmp&quot;.)
  org.apache.commons.vfs2.FileSystemException(Invalid absolute URI &quot;azsb://null/***YOUR TEST CONTAINER***/uploadFile02\dir01\file01&quot;.)
</system-out>
  </testcase>
  <testcase classname="com.sludev.commons.vfs2.provider.azure.AzFileProviderTest" name="A001_uploadFile" time="0.191">
    <error message="Invalid absolute URI &quot;azsb://null/***YOUR TEST CONTAINER***/uploadFile02\dir01\file01&quot;." type="org.apache.commons.vfs2.FileSystemException">org.apache.commons.vfs2.FileSystemException: Invalid absolute URI &quot;azsb://null/***YOUR TEST CONTAINER***/uploadFile02\dir01\file01&quot;.
	at org.apache.commons.vfs2.provider.AbstractOriginatingFileProvider.findFile(AbstractOriginatingFileProvider.java:51)
	at org.apache.commons.vfs2.impl.DefaultFileSystemManager.resolveFile(DefaultFileSystemManager.java:716)
	at org.apache.commons.vfs2.impl.DefaultFileSystemManager.resolveFile(DefaultFileSystemManager.java:653)
	at com.sludev.commons.vfs2.provider.azure.AzTestUtils.deleteFile(AzTestUtils.java:77)
	at com.sludev.commons.vfs2.provider.azure.AzFileProviderTest.removeFileSetup02(AzFileProviderTest.java:350)
	at com.sludev.commons.vfs2.provider.azure.AzFileProviderTest.tearDown(AzFileProviderTest.java:101)
	at java.base/jdk.internal.reflect.NativeMethodAccessorImpl.invoke0(Native Method)
	at java.base/jdk.internal.reflect.NativeMethodAccessorImpl.invoke(NativeMethodAccessorImpl.java:62)
	at java.base/jdk.internal.reflect.DelegatingMethodAccessorImpl.invoke(DelegatingMethodAccessorImpl.java:43)
	at java.base/java.lang.reflect.Method.invoke(Method.java:566)
	at org.junit.runners.model.FrameworkMethod$1.runReflectiveCall(FrameworkMethod.java:50)
	at org.junit.internal.runners.model.ReflectiveCallable.run(ReflectiveCallable.java:12)
	at org.junit.runners.model.FrameworkMethod.invokeExplosively(FrameworkMethod.java:47)
	at org.junit.internal.runners.statements.RunAfters.evaluate(RunAfters.java:33)
	at org.junit.rules.TestWatcher$1.evaluate(TestWatcher.java:55)
	at org.junit.rules.RunRules.evaluate(RunRules.java:20)
	at org.junit.runners.ParentRunner.runLeaf(ParentRunner.java:325)
	at org.junit.runners.BlockJUnit4ClassRunner.runChild(BlockJUnit4ClassRunner.java:78)
	at org.junit.runners.BlockJUnit4ClassRunner.runChild(BlockJUnit4ClassRunner.java:57)
	at org.junit.runners.ParentRunner$3.run(ParentRunner.java:290)
	at org.junit.runners.ParentRunner$1.schedule(ParentRunner.java:71)
	at org.junit.runners.ParentRunner.runChildren(ParentRunner.java:288)
	at org.junit.runners.ParentRunner.access$000(ParentRunner.java:58)
	at org.junit.runners.ParentRunner$2.evaluate(ParentRunner.java:268)
	at org.junit.internal.runners.statements.RunBefores.evaluate(RunBefores.java:26)
	at org.junit.internal.runners.statements.RunAfters.evaluate(RunAfters.java:27)
	at org.junit.runners.ParentRunner.run(ParentRunner.java:363)
	at org.apache.maven.surefire.junit4.JUnit4Provider.execute(JUnit4Provider.java:252)
	at org.apache.maven.surefire.junit4.JUnit4Provider.executeTestSet(JUnit4Provider.java:141)
	at org.apache.maven.surefire.junit4.JUnit4Provider.invoke(JUnit4Provider.java:112)
	at java.base/jdk.internal.reflect.NativeMethodAccessorImpl.invoke0(Native Method)
	at java.base/jdk.internal.reflect.NativeMethodAccessorImpl.invoke(NativeMethodAccessorImpl.java:62)
	at java.base/jdk.internal.reflect.DelegatingMethodAccessorImpl.invoke(DelegatingMethodAccessorImpl.java:43)
	at java.base/java.lang.reflect.Method.invoke(Method.java:566)
	at org.apache.maven.surefire.util.ReflectionUtils.invokeMethodWithArray(ReflectionUtils.java:189)
	at org.apache.maven.surefire.booter.ProviderFactory$ProviderProxy.invoke(ProviderFactory.java:165)
	at org.apache.maven.surefire.booter.ProviderFactory.invokeProvider(ProviderFactory.java:85)
	at org.apache.maven.surefire.booter.ForkedBooter.runSuitesInProcess(ForkedBooter.java:115)
	at org.apache.maven.surefire.booter.ForkedBooter.main(ForkedBooter.java:75)
Caused by: org.apache.commons.vfs2.FileSystemException: Expecting // to follow the scheme in URI &quot;azsb://null/***YOUR TEST CONTAINER***/uploadFile02\dir01\file01&quot;.
	at org.apache.commons.vfs2.provider.HostFileNameParser.extractToPath(HostFileNameParser.java:79)
	at org.apache.commons.vfs2.provider.URLFileNameParser.parseUri(URLFileNameParser.java:47)
	at org.apache.commons.vfs2.provider.AbstractFileProvider.parseUri(AbstractFileProvider.java:179)
	at org.apache.commons.vfs2.provider.AbstractOriginatingFileProvider.findFile(AbstractOriginatingFileProvider.java:49)
	... 38 more
</error>
  </testcase>
  <testcase classname="com.sludev.commons.vfs2.provider.azure.AzFileProviderTest" name="A002_downloadFile" time="0.002">
    <error message="Invalid absolute URI &quot;azsb://null/***YOUR TEST CONTAINER***/test01.tmp&quot;." type="org.apache.commons.vfs2.FileSystemException">org.apache.commons.vfs2.FileSystemException: Invalid absolute URI &quot;azsb://null/***YOUR TEST CONTAINER***/test01.tmp&quot;.
	at org.apache.commons.vfs2.provider.AbstractOriginatingFileProvider.findFile(AbstractOriginatingFileProvider.java:51)
	at org.apache.commons.vfs2.impl.DefaultFileSystemManager.resolveFile(DefaultFileSystemManager.java:716)
	at org.apache.commons.vfs2.impl.DefaultFileSystemManager.resolveFile(DefaultFileSystemManager.java:653)
	at com.sludev.commons.vfs2.provider.azure.AzFileProviderTest.A002_downloadFile(AzFileProviderTest.java:167)
	at java.base/jdk.internal.reflect.NativeMethodAccessorImpl.invoke0(Native Method)
	at java.base/jdk.internal.reflect.NativeMethodAccessorImpl.invoke(NativeMethodAccessorImpl.java:62)
	at java.base/jdk.internal.reflect.DelegatingMethodAccessorImpl.invoke(DelegatingMethodAccessorImpl.java:43)
	at java.base/java.lang.reflect.Method.invoke(Method.java:566)
	at org.junit.runners.model.FrameworkMethod$1.runReflectiveCall(FrameworkMethod.java:50)
	at org.junit.internal.runners.model.ReflectiveCallable.run(ReflectiveCallable.java:12)
	at org.junit.runners.model.FrameworkMethod.invokeExplosively(FrameworkMethod.java:47)
	at org.junit.internal.runners.statements.InvokeMethod.evaluate(InvokeMethod.java:17)
	at org.junit.internal.runners.statements.RunBefores.evaluate(RunBefores.java:26)
	at org.junit.internal.runners.statements.RunAfters.evaluate(RunAfters.java:27)
	at org.junit.rules.TestWatcher$1.evaluate(TestWatcher.java:55)
	at org.junit.rules.RunRules.evaluate(RunRules.java:20)
	at org.junit.runners.ParentRunner.runLeaf(ParentRunner.java:325)
	at org.junit.runners.BlockJUnit4ClassRunner.runChild(BlockJUnit4ClassRunner.java:78)
	at org.junit.runners.BlockJUnit4ClassRunner.runChild(BlockJUnit4ClassRunner.java:57)
	at org.junit.runners.ParentRunner$3.run(ParentRunner.java:290)
	at org.junit.runners.ParentRunner$1.schedule(ParentRunner.java:71)
	at org.junit.runners.ParentRunner.runChildren(ParentRunner.java:288)
	at org.junit.runners.ParentRunner.access$000(ParentRunner.java:58)
	at org.junit.runners.ParentRunner$2.evaluate(ParentRunner.java:268)
	at org.junit.internal.runners.statements.RunBefores.evaluate(RunBefores.java:26)
	at org.junit.internal.runners.statements.RunAfters.evaluate(RunAfters.java:27)
	at org.junit.runners.ParentRunner.run(ParentRunner.java:363)
	at org.apache.maven.surefire.junit4.JUnit4Provider.execute(JUnit4Provider.java:252)
	at org.apache.maven.surefire.junit4.JUnit4Provider.executeTestSet(JUnit4Provider.java:141)
	at org.apache.maven.surefire.junit4.JUnit4Provider.invoke(JUnit4Provider.java:112)
	at java.base/jdk.internal.reflect.NativeMethodAccessorImpl.invoke0(Native Method)
	at java.base/jdk.internal.reflect.NativeMethodAccessorImpl.invoke(NativeMethodAccessorImpl.java:62)
	at java.base/jdk.internal.reflect.DelegatingMethodAccessorImpl.invoke(DelegatingMethodAccessorImpl.java:43)
	at java.base/java.lang.reflect.Method.invoke(Method.java:566)
	at org.apache.maven.surefire.util.ReflectionUtils.invokeMethodWithArray(ReflectionUtils.java:189)
	at org.apache.maven.surefire.booter.ProviderFactory$ProviderProxy.invoke(ProviderFactory.java:165)
	at org.apache.maven.surefire.booter.ProviderFactory.invokeProvider(ProviderFactory.java:85)
	at org.apache.maven.surefire.booter.ForkedBooter.runSuitesInProcess(ForkedBooter.java:115)
	at org.apache.maven.surefire.booter.ForkedBooter.main(ForkedBooter.java:75)
Caused by: org.apache.commons.vfs2.FileSystemException: Expecting // to follow the scheme in URI &quot;azsb://null/***YOUR TEST CONTAINER***/test01.tmp&quot;.
	at org.apache.commons.vfs2.provider.HostFileNameParser.extractToPath(HostFileNameParser.java:79)
	at org.apache.commons.vfs2.provider.URLFileNameParser.parseUri(URLFileNameParser.java:47)
	at org.apache.commons.vfs2.provider.AbstractFileProvider.parseUri(AbstractFileProvider.java:179)
	at org.apache.commons.vfs2.provider.AbstractOriginatingFileProvider.findFile(AbstractOriginatingFileProvider.java:49)
	... 38 more
</error>
    <system-out>12:49:41.626 [main] DEBUG com.sludev.commons.vfs2.provider.azure.AzFileProviderTest - Error setting up remote folder structure.  Have you set the test001.properties file?
org.apache.commons.vfs2.FileSystemException: Invalid absolute URI &quot;azsb://null/***YOUR TEST CONTAINER***/uploadFile02\dir01\file01&quot;.
	at org.apache.commons.vfs2.provider.AbstractOriginatingFileProvider.findFile(AbstractOriginatingFileProvider.java:51) ~[commons-vfs2-2.3.jar:2.3]
	at org.apache.commons.vfs2.impl.DefaultFileSystemManager.resolveFile(DefaultFileSystemManager.java:716) ~[commons-vfs2-2.3.jar:2.3]
	at org.apache.commons.vfs2.impl.DefaultFileSystemManager.resolveFile(DefaultFileSystemManager.java:653) ~[commons-vfs2-2.3.jar:2.3]
	at com.sludev.commons.vfs2.provider.azure.AzTestUtils.uploadFile(AzTestUtils.java:54) ~[test-classes/:?]
	at com.sludev.commons.vfs2.provider.azure.AzFileProviderTest.uploadFileSetup02(AzFileProviderTest.java:377) ~[test-classes/:?]
	at com.sludev.commons.vfs2.provider.azure.AzFileProviderTest.setUp(AzFileProviderTest.java:80) [test-classes/:?]
	at jdk.internal.reflect.NativeMethodAccessorImpl.invoke0(Native Method) ~[?:?]
	at jdk.internal.reflect.NativeMethodAccessorImpl.invoke(NativeMethodAccessorImpl.java:62) ~[?:?]
	at jdk.internal.reflect.DelegatingMethodAccessorImpl.invoke(DelegatingMethodAccessorImpl.java:43) ~[?:?]
	at java.lang.reflect.Method.invoke(Method.java:566) ~[?:?]
	at org.junit.runners.model.FrameworkMethod$1.runReflectiveCall(FrameworkMethod.java:50) [junit-4.12.jar:4.12]
	at org.junit.internal.runners.model.ReflectiveCallable.run(ReflectiveCallable.java:12) [junit-4.12.jar:4.12]
	at org.junit.runners.model.FrameworkMethod.invokeExplosively(FrameworkMethod.java:47) [junit-4.12.jar:4.12]
	at org.junit.internal.runners.statements.RunBefores.evaluate(RunBefores.java:24) [junit-4.12.jar:4.12]
	at org.junit.internal.runners.statements.RunAfters.evaluate(RunAfters.java:27) [junit-4.12.jar:4.12]
	at org.junit.rules.TestWatcher$1.evaluate(TestWatcher.java:55) [junit-4.12.jar:4.12]
	at org.junit.rules.RunRules.evaluate(RunRules.java:20) [junit-4.12.jar:4.12]
	at org.junit.runners.ParentRunner.runLeaf(ParentRunner.java:325) [junit-4.12.jar:4.12]
	at org.junit.runners.BlockJUnit4ClassRunner.runChild(BlockJUnit4ClassRunner.java:78) [junit-4.12.jar:4.12]
	at org.junit.runners.BlockJUnit4ClassRunner.runChild(BlockJUnit4ClassRunner.java:57) [junit-4.12.jar:4.12]
	at org.junit.runners.ParentRunner$3.run(ParentRunner.java:290) [junit-4.12.jar:4.12]
	at org.junit.runners.ParentRunner$1.schedule(ParentRunner.java:71) [junit-4.12.jar:4.12]
	at org.junit.runners.ParentRunner.runChildren(ParentRunner.java:288) [junit-4.12.jar:4.12]
	at org.junit.runners.ParentRunner.access$000(ParentRunner.java:58) [junit-4.12.jar:4.12]
	at org.junit.runners.ParentRunner$2.evaluate(ParentRunner.java:268) [junit-4.12.jar:4.12]
	at org.junit.internal.runners.statements.RunBefores.evaluate(RunBefores.java:26) [junit-4.12.jar:4.12]
	at org.junit.internal.runners.statements.RunAfters.evaluate(RunAfters.java:27) [junit-4.12.jar:4.12]
	at org.junit.runners.ParentRunner.run(ParentRunner.java:363) [junit-4.12.jar:4.12]
	at org.apache.maven.surefire.junit4.JUnit4Provider.execute(JUnit4Provider.java:252) [surefire-junit4-2.12.4.jar:2.12.4]
	at org.apache.maven.surefire.junit4.JUnit4Provider.executeTestSet(JUnit4Provider.java:141) [surefire-junit4-2.12.4.jar:2.12.4]
	at org.apache.maven.surefire.junit4.JUnit4Provider.invoke(JUnit4Provider.java:112) [surefire-junit4-2.12.4.jar:2.12.4]
	at jdk.internal.reflect.NativeMethodAccessorImpl.invoke0(Native Method) ~[?:?]
	at jdk.internal.reflect.NativeMethodAccessorImpl.invoke(NativeMethodAccessorImpl.java:62) ~[?:?]
	at jdk.internal.reflect.DelegatingMethodAccessorImpl.invoke(DelegatingMethodAccessorImpl.java:43) ~[?:?]
	at java.lang.reflect.Method.invoke(Method.java:566) ~[?:?]
	at org.apache.maven.surefire.util.ReflectionUtils.invokeMethodWithArray(ReflectionUtils.java:189) [surefire-api-2.12.4.jar:2.12.4]
	at org.apache.maven.surefire.booter.ProviderFactory$ProviderProxy.invoke(ProviderFactory.java:165) [surefire-booter-2.12.4.jar:2.12.4]
	at org.apache.maven.surefire.booter.ProviderFactory.invokeProvider(ProviderFactory.java:85) [surefire-booter-2.12.4.jar:2.12.4]
	at org.apache.maven.surefire.booter.ForkedBooter.runSuitesInProcess(ForkedBooter.java:115) [surefire-booter-2.12.4.jar:2.12.4]
	at org.apache.maven.surefire.booter.ForkedBooter.main(ForkedBooter.java:75) [surefire-booter-2.12.4.jar:2.12.4]
Caused by: org.apache.commons.vfs2.FileSystemException: Expecting // to follow the scheme in URI &quot;azsb://null/***YOUR TEST CONTAINER***/uploadFile02\dir01\file01&quot;.
	at org.apache.commons.vfs2.provider.HostFileNameParser.extractToPath(HostFileNameParser.java:79) ~[commons-vfs2-2.3.jar:2.3]
	at org.apache.commons.vfs2.provider.URLFileNameParser.parseUri(URLFileNameParser.java:47) ~[commons-vfs2-2.3.jar:2.3]
	at org.apache.commons.vfs2.provider.AbstractFileProvider.parseUri(AbstractFileProvider.java:179) ~[commons-vfs2-2.3.jar:2.3]
	at org.apache.commons.vfs2.provider.AbstractOriginatingFileProvider.findFile(AbstractOriginatingFileProvider.java:49) ~[commons-vfs2-2.3.jar:2.3]
	... 39 more
12:49:41.628 [main] INFO  com.sludev.commons.vfs2.provider.azure.AzTestWatcher - A002_downloadFile(com.sludev.commons.vfs2.provider.azure.AzFileProviderTest) failed There were 2 errors:
  org.apache.commons.vfs2.FileSystemException(Invalid absolute URI &quot;azsb://null/***YOUR TEST CONTAINER***/test01.tmp&quot;.)
  org.apache.commons.vfs2.FileSystemException(Invalid absolute URI &quot;azsb://null/***YOUR TEST CONTAINER***/uploadFile02\dir01\file01&quot;.)
</system-out>
  </testcase>
  <testcase classname="com.sludev.commons.vfs2.provider.azure.AzFileProviderTest" name="A002_downloadFile" time="0.003">
    <error message="Invalid absolute URI &quot;azsb://null/***YOUR TEST CONTAINER***/uploadFile02\dir01\file01&quot;." type="org.apache.commons.vfs2.FileSystemException">org.apache.commons.vfs2.FileSystemException: Invalid absolute URI &quot;azsb://null/***YOUR TEST CONTAINER***/uploadFile02\dir01\file01&quot;.
	at org.apache.commons.vfs2.provider.AbstractOriginatingFileProvider.findFile(AbstractOriginatingFileProvider.java:51)
	at org.apache.commons.vfs2.impl.DefaultFileSystemManager.resolveFile(DefaultFileSystemManager.java:716)
	at org.apache.commons.vfs2.impl.DefaultFileSystemManager.resolveFile(DefaultFileSystemManager.java:653)
	at com.sludev.commons.vfs2.provider.azure.AzTestUtils.deleteFile(AzTestUtils.java:77)
	at com.sludev.commons.vfs2.provider.azure.AzFileProviderTest.removeFileSetup02(AzFileProviderTest.java:350)
	at com.sludev.commons.vfs2.provider.azure.AzFileProviderTest.tearDown(AzFileProviderTest.java:101)
	at java.base/jdk.internal.reflect.NativeMethodAccessorImpl.invoke0(Native Method)
	at java.base/jdk.internal.reflect.NativeMethodAccessorImpl.invoke(NativeMethodAccessorImpl.java:62)
	at java.base/jdk.internal.reflect.DelegatingMethodAccessorImpl.invoke(DelegatingMethodAccessorImpl.java:43)
	at java.base/java.lang.reflect.Method.invoke(Method.java:566)
	at org.junit.runners.model.FrameworkMethod$1.runReflectiveCall(FrameworkMethod.java:50)
	at org.junit.internal.runners.model.ReflectiveCallable.run(ReflectiveCallable.java:12)
	at org.junit.runners.model.FrameworkMethod.invokeExplosively(FrameworkMethod.java:47)
	at org.junit.internal.runners.statements.RunAfters.evaluate(RunAfters.java:33)
	at org.junit.rules.TestWatcher$1.evaluate(TestWatcher.java:55)
	at org.junit.rules.RunRules.evaluate(RunRules.java:20)
	at org.junit.runners.ParentRunner.runLeaf(ParentRunner.java:325)
	at org.junit.runners.BlockJUnit4ClassRunner.runChild(BlockJUnit4ClassRunner.java:78)
	at org.junit.runners.BlockJUnit4ClassRunner.runChild(BlockJUnit4ClassRunner.java:57)
	at org.junit.runners.ParentRunner$3.run(ParentRunner.java:290)
	at org.junit.runners.ParentRunner$1.schedule(ParentRunner.java:71)
	at org.junit.runners.ParentRunner.runChildren(ParentRunner.java:288)
	at org.junit.runners.ParentRunner.access$000(ParentRunner.java:58)
	at org.junit.runners.ParentRunner$2.evaluate(ParentRunner.java:268)
	at org.junit.internal.runners.statements.RunBefores.evaluate(RunBefores.java:26)
	at org.junit.internal.runners.statements.RunAfters.evaluate(RunAfters.java:27)
	at org.junit.runners.ParentRunner.run(ParentRunner.java:363)
	at org.apache.maven.surefire.junit4.JUnit4Provider.execute(JUnit4Provider.java:252)
	at org.apache.maven.surefire.junit4.JUnit4Provider.executeTestSet(JUnit4Provider.java:141)
	at org.apache.maven.surefire.junit4.JUnit4Provider.invoke(JUnit4Provider.java:112)
	at java.base/jdk.internal.reflect.NativeMethodAccessorImpl.invoke0(Native Method)
	at java.base/jdk.internal.reflect.NativeMethodAccessorImpl.invoke(NativeMethodAccessorImpl.java:62)
	at java.base/jdk.internal.reflect.DelegatingMethodAccessorImpl.invoke(DelegatingMethodAccessorImpl.java:43)
	at java.base/java.lang.reflect.Method.invoke(Method.java:566)
	at org.apache.maven.surefire.util.ReflectionUtils.invokeMethodWithArray(ReflectionUtils.java:189)
	at org.apache.maven.surefire.booter.ProviderFactory$ProviderProxy.invoke(ProviderFactory.java:165)
	at org.apache.maven.surefire.booter.ProviderFactory.invokeProvider(ProviderFactory.java:85)
	at org.apache.maven.surefire.booter.ForkedBooter.runSuitesInProcess(ForkedBooter.java:115)
	at org.apache.maven.surefire.booter.ForkedBooter.main(ForkedBooter.java:75)
Caused by: org.apache.commons.vfs2.FileSystemException: Expecting // to follow the scheme in URI &quot;azsb://null/***YOUR TEST CONTAINER***/uploadFile02\dir01\file01&quot;.
	at org.apache.commons.vfs2.provider.HostFileNameParser.extractToPath(HostFileNameParser.java:79)
	at org.apache.commons.vfs2.provider.URLFileNameParser.parseUri(URLFileNameParser.java:47)
	at org.apache.commons.vfs2.provider.AbstractFileProvider.parseUri(AbstractFileProvider.java:179)
	at org.apache.commons.vfs2.provider.AbstractOriginatingFileProvider.findFile(AbstractOriginatingFileProvider.java:49)
	... 38 more
</error>
  </testcase>
  <testcase classname="com.sludev.commons.vfs2.provider.azure.AzFileProviderTest" name="A003_exist" time="0.004">
    <error message="Invalid absolute URI &quot;azsb://null/***YOUR TEST CONTAINER***/test01.tmp&quot;." type="org.apache.commons.vfs2.FileSystemException">org.apache.commons.vfs2.FileSystemException: Invalid absolute URI &quot;azsb://null/***YOUR TEST CONTAINER***/test01.tmp&quot;.
	at org.apache.commons.vfs2.provider.AbstractOriginatingFileProvider.findFile(AbstractOriginatingFileProvider.java:51)
	at org.apache.commons.vfs2.impl.DefaultFileSystemManager.resolveFile(DefaultFileSystemManager.java:716)
	at org.apache.commons.vfs2.impl.DefaultFileSystemManager.resolveFile(DefaultFileSystemManager.java:653)
	at com.sludev.commons.vfs2.provider.azure.AzFileProviderTest.A003_exist(AzFileProviderTest.java:197)
	at java.base/jdk.internal.reflect.NativeMethodAccessorImpl.invoke0(Native Method)
	at java.base/jdk.internal.reflect.NativeMethodAccessorImpl.invoke(NativeMethodAccessorImpl.java:62)
	at java.base/jdk.internal.reflect.DelegatingMethodAccessorImpl.invoke(DelegatingMethodAccessorImpl.java:43)
	at java.base/java.lang.reflect.Method.invoke(Method.java:566)
	at org.junit.runners.model.FrameworkMethod$1.runReflectiveCall(FrameworkMethod.java:50)
	at org.junit.internal.runners.model.ReflectiveCallable.run(ReflectiveCallable.java:12)
	at org.junit.runners.model.FrameworkMethod.invokeExplosively(FrameworkMethod.java:47)
	at org.junit.internal.runners.statements.InvokeMethod.evaluate(InvokeMethod.java:17)
	at org.junit.internal.runners.statements.RunBefores.evaluate(RunBefores.java:26)
	at org.junit.internal.runners.statements.RunAfters.evaluate(RunAfters.java:27)
	at org.junit.rules.TestWatcher$1.evaluate(TestWatcher.java:55)
	at org.junit.rules.RunRules.evaluate(RunRules.java:20)
	at org.junit.runners.ParentRunner.runLeaf(ParentRunner.java:325)
	at org.junit.runners.BlockJUnit4ClassRunner.runChild(BlockJUnit4ClassRunner.java:78)
	at org.junit.runners.BlockJUnit4ClassRunner.runChild(BlockJUnit4ClassRunner.java:57)
	at org.junit.runners.ParentRunner$3.run(ParentRunner.java:290)
	at org.junit.runners.ParentRunner$1.schedule(ParentRunner.java:71)
	at org.junit.runners.ParentRunner.runChildren(ParentRunner.java:288)
	at org.junit.runners.ParentRunner.access$000(ParentRunner.java:58)
	at org.junit.runners.ParentRunner$2.evaluate(ParentRunner.java:268)
	at org.junit.internal.runners.statements.RunBefores.evaluate(RunBefores.java:26)
	at org.junit.internal.runners.statements.RunAfters.evaluate(RunAfters.java:27)
	at org.junit.runners.ParentRunner.run(ParentRunner.java:363)
	at org.apache.maven.surefire.junit4.JUnit4Provider.execute(JUnit4Provider.java:252)
	at org.apache.maven.surefire.junit4.JUnit4Provider.executeTestSet(JUnit4Provider.java:141)
	at org.apache.maven.surefire.junit4.JUnit4Provider.invoke(JUnit4Provider.java:112)
	at java.base/jdk.internal.reflect.NativeMethodAccessorImpl.invoke0(Native Method)
	at java.base/jdk.internal.reflect.NativeMethodAccessorImpl.invoke(NativeMethodAccessorImpl.java:62)
	at java.base/jdk.internal.reflect.DelegatingMethodAccessorImpl.invoke(DelegatingMethodAccessorImpl.java:43)
	at java.base/java.lang.reflect.Method.invoke(Method.java:566)
	at org.apache.maven.surefire.util.ReflectionUtils.invokeMethodWithArray(ReflectionUtils.java:189)
	at org.apache.maven.surefire.booter.ProviderFactory$ProviderProxy.invoke(ProviderFactory.java:165)
	at org.apache.maven.surefire.booter.ProviderFactory.invokeProvider(ProviderFactory.java:85)
	at org.apache.maven.surefire.booter.ForkedBooter.runSuitesInProcess(ForkedBooter.java:115)
	at org.apache.maven.surefire.booter.ForkedBooter.main(ForkedBooter.java:75)
Caused by: org.apache.commons.vfs2.FileSystemException: Expecting // to follow the scheme in URI &quot;azsb://null/***YOUR TEST CONTAINER***/test01.tmp&quot;.
	at org.apache.commons.vfs2.provider.HostFileNameParser.extractToPath(HostFileNameParser.java:79)
	at org.apache.commons.vfs2.provider.URLFileNameParser.parseUri(URLFileNameParser.java:47)
	at org.apache.commons.vfs2.provider.AbstractFileProvider.parseUri(AbstractFileProvider.java:179)
	at org.apache.commons.vfs2.provider.AbstractOriginatingFileProvider.findFile(AbstractOriginatingFileProvider.java:49)
	... 38 more
</error>
    <system-out>12:49:41.631 [main] DEBUG com.sludev.commons.vfs2.provider.azure.AzFileProviderTest - Error setting up remote folder structure.  Have you set the test001.properties file?
org.apache.commons.vfs2.FileSystemException: Invalid absolute URI &quot;azsb://null/***YOUR TEST CONTAINER***/uploadFile02\dir01\file01&quot;.
	at org.apache.commons.vfs2.provider.AbstractOriginatingFileProvider.findFile(AbstractOriginatingFileProvider.java:51) ~[commons-vfs2-2.3.jar:2.3]
	at org.apache.commons.vfs2.impl.DefaultFileSystemManager.resolveFile(DefaultFileSystemManager.java:716) ~[commons-vfs2-2.3.jar:2.3]
	at org.apache.commons.vfs2.impl.DefaultFileSystemManager.resolveFile(DefaultFileSystemManager.java:653) ~[commons-vfs2-2.3.jar:2.3]
	at com.sludev.commons.vfs2.provider.azure.AzTestUtils.uploadFile(AzTestUtils.java:54) ~[test-classes/:?]
	at com.sludev.commons.vfs2.provider.azure.AzFileProviderTest.uploadFileSetup02(AzFileProviderTest.java:377) ~[test-classes/:?]
	at com.sludev.commons.vfs2.provider.azure.AzFileProviderTest.setUp(AzFileProviderTest.java:80) [test-classes/:?]
	at jdk.internal.reflect.NativeMethodAccessorImpl.invoke0(Native Method) ~[?:?]
	at jdk.internal.reflect.NativeMethodAccessorImpl.invoke(NativeMethodAccessorImpl.java:62) ~[?:?]
	at jdk.internal.reflect.DelegatingMethodAccessorImpl.invoke(DelegatingMethodAccessorImpl.java:43) ~[?:?]
	at java.lang.reflect.Method.invoke(Method.java:566) ~[?:?]
	at org.junit.runners.model.FrameworkMethod$1.runReflectiveCall(FrameworkMethod.java:50) [junit-4.12.jar:4.12]
	at org.junit.internal.runners.model.ReflectiveCallable.run(ReflectiveCallable.java:12) [junit-4.12.jar:4.12]
	at org.junit.runners.model.FrameworkMethod.invokeExplosively(FrameworkMethod.java:47) [junit-4.12.jar:4.12]
	at org.junit.internal.runners.statements.RunBefores.evaluate(RunBefores.java:24) [junit-4.12.jar:4.12]
	at org.junit.internal.runners.statements.RunAfters.evaluate(RunAfters.java:27) [junit-4.12.jar:4.12]
	at org.junit.rules.TestWatcher$1.evaluate(TestWatcher.java:55) [junit-4.12.jar:4.12]
	at org.junit.rules.RunRules.evaluate(RunRules.java:20) [junit-4.12.jar:4.12]
	at org.junit.runners.ParentRunner.runLeaf(ParentRunner.java:325) [junit-4.12.jar:4.12]
	at org.junit.runners.BlockJUnit4ClassRunner.runChild(BlockJUnit4ClassRunner.java:78) [junit-4.12.jar:4.12]
	at org.junit.runners.BlockJUnit4ClassRunner.runChild(BlockJUnit4ClassRunner.java:57) [junit-4.12.jar:4.12]
	at org.junit.runners.ParentRunner$3.run(ParentRunner.java:290) [junit-4.12.jar:4.12]
	at org.junit.runners.ParentRunner$1.schedule(ParentRunner.java:71) [junit-4.12.jar:4.12]
	at org.junit.runners.ParentRunner.runChildren(ParentRunner.java:288) [junit-4.12.jar:4.12]
	at org.junit.runners.ParentRunner.access$000(ParentRunner.java:58) [junit-4.12.jar:4.12]
	at org.junit.runners.ParentRunner$2.evaluate(ParentRunner.java:268) [junit-4.12.jar:4.12]
	at org.junit.internal.runners.statements.RunBefores.evaluate(RunBefores.java:26) [junit-4.12.jar:4.12]
	at org.junit.internal.runners.statements.RunAfters.evaluate(RunAfters.java:27) [junit-4.12.jar:4.12]
	at org.junit.runners.ParentRunner.run(ParentRunner.java:363) [junit-4.12.jar:4.12]
	at org.apache.maven.surefire.junit4.JUnit4Provider.execute(JUnit4Provider.java:252) [surefire-junit4-2.12.4.jar:2.12.4]
	at org.apache.maven.surefire.junit4.JUnit4Provider.executeTestSet(JUnit4Provider.java:141) [surefire-junit4-2.12.4.jar:2.12.4]
	at org.apache.maven.surefire.junit4.JUnit4Provider.invoke(JUnit4Provider.java:112) [surefire-junit4-2.12.4.jar:2.12.4]
	at jdk.internal.reflect.NativeMethodAccessorImpl.invoke0(Native Method) ~[?:?]
	at jdk.internal.reflect.NativeMethodAccessorImpl.invoke(NativeMethodAccessorImpl.java:62) ~[?:?]
	at jdk.internal.reflect.DelegatingMethodAccessorImpl.invoke(DelegatingMethodAccessorImpl.java:43) ~[?:?]
	at java.lang.reflect.Method.invoke(Method.java:566) ~[?:?]
	at org.apache.maven.surefire.util.ReflectionUtils.invokeMethodWithArray(ReflectionUtils.java:189) [surefire-api-2.12.4.jar:2.12.4]
	at org.apache.maven.surefire.booter.ProviderFactory$ProviderProxy.invoke(ProviderFactory.java:165) [surefire-booter-2.12.4.jar:2.12.4]
	at org.apache.maven.surefire.booter.ProviderFactory.invokeProvider(ProviderFactory.java:85) [surefire-booter-2.12.4.jar:2.12.4]
	at org.apache.maven.surefire.booter.ForkedBooter.runSuitesInProcess(ForkedBooter.java:115) [surefire-booter-2.12.4.jar:2.12.4]
	at org.apache.maven.surefire.booter.ForkedBooter.main(ForkedBooter.java:75) [surefire-booter-2.12.4.jar:2.12.4]
Caused by: org.apache.commons.vfs2.FileSystemException: Expecting // to follow the scheme in URI &quot;azsb://null/***YOUR TEST CONTAINER***/uploadFile02\dir01\file01&quot;.
	at org.apache.commons.vfs2.provider.HostFileNameParser.extractToPath(HostFileNameParser.java:79) ~[commons-vfs2-2.3.jar:2.3]
	at org.apache.commons.vfs2.provider.URLFileNameParser.parseUri(URLFileNameParser.java:47) ~[commons-vfs2-2.3.jar:2.3]
	at org.apache.commons.vfs2.provider.AbstractFileProvider.parseUri(AbstractFileProvider.java:179) ~[commons-vfs2-2.3.jar:2.3]
	at org.apache.commons.vfs2.provider.AbstractOriginatingFileProvider.findFile(AbstractOriginatingFileProvider.java:49) ~[commons-vfs2-2.3.jar:2.3]
	... 39 more
12:49:41.633 [main] INFO  com.sludev.commons.vfs2.provider.azure.AzTestWatcher - A003_exist(com.sludev.commons.vfs2.provider.azure.AzFileProviderTest) failed There were 2 errors:
  org.apache.commons.vfs2.FileSystemException(Invalid absolute URI &quot;azsb://null/***YOUR TEST CONTAINER***/test01.tmp&quot;.)
  org.apache.commons.vfs2.FileSystemException(Invalid absolute URI &quot;azsb://null/***YOUR TEST CONTAINER***/uploadFile02\dir01\file01&quot;.)
</system-out>
  </testcase>
  <testcase classname="com.sludev.commons.vfs2.provider.azure.AzFileProviderTest" name="A003_exist" time="0.005">
    <error message="Invalid absolute URI &quot;azsb://null/***YOUR TEST CONTAINER***/uploadFile02\dir01\file01&quot;." type="org.apache.commons.vfs2.FileSystemException">org.apache.commons.vfs2.FileSystemException: Invalid absolute URI &quot;azsb://null/***YOUR TEST CONTAINER***/uploadFile02\dir01\file01&quot;.
	at org.apache.commons.vfs2.provider.AbstractOriginatingFileProvider.findFile(AbstractOriginatingFileProvider.java:51)
	at org.apache.commons.vfs2.impl.DefaultFileSystemManager.resolveFile(DefaultFileSystemManager.java:716)
	at org.apache.commons.vfs2.impl.DefaultFileSystemManager.resolveFile(DefaultFileSystemManager.java:653)
	at com.sludev.commons.vfs2.provider.azure.AzTestUtils.deleteFile(AzTestUtils.java:77)
	at com.sludev.commons.vfs2.provider.azure.AzFileProviderTest.removeFileSetup02(AzFileProviderTest.java:350)
	at com.sludev.commons.vfs2.provider.azure.AzFileProviderTest.tearDown(AzFileProviderTest.java:101)
	at java.base/jdk.internal.reflect.NativeMethodAccessorImpl.invoke0(Native Method)
	at java.base/jdk.internal.reflect.NativeMethodAccessorImpl.invoke(NativeMethodAccessorImpl.java:62)
	at java.base/jdk.internal.reflect.DelegatingMethodAccessorImpl.invoke(DelegatingMethodAccessorImpl.java:43)
	at java.base/java.lang.reflect.Method.invoke(Method.java:566)
	at org.junit.runners.model.FrameworkMethod$1.runReflectiveCall(FrameworkMethod.java:50)
	at org.junit.internal.runners.model.ReflectiveCallable.run(ReflectiveCallable.java:12)
	at org.junit.runners.model.FrameworkMethod.invokeExplosively(FrameworkMethod.java:47)
	at org.junit.internal.runners.statements.RunAfters.evaluate(RunAfters.java:33)
	at org.junit.rules.TestWatcher$1.evaluate(TestWatcher.java:55)
	at org.junit.rules.RunRules.evaluate(RunRules.java:20)
	at org.junit.runners.ParentRunner.runLeaf(ParentRunner.java:325)
	at org.junit.runners.BlockJUnit4ClassRunner.runChild(BlockJUnit4ClassRunner.java:78)
	at org.junit.runners.BlockJUnit4ClassRunner.runChild(BlockJUnit4ClassRunner.java:57)
	at org.junit.runners.ParentRunner$3.run(ParentRunner.java:290)
	at org.junit.runners.ParentRunner$1.schedule(ParentRunner.java:71)
	at org.junit.runners.ParentRunner.runChildren(ParentRunner.java:288)
	at org.junit.runners.ParentRunner.access$000(ParentRunner.java:58)
	at org.junit.runners.ParentRunner$2.evaluate(ParentRunner.java:268)
	at org.junit.internal.runners.statements.RunBefores.evaluate(RunBefores.java:26)
	at org.junit.internal.runners.statements.RunAfters.evaluate(RunAfters.java:27)
	at org.junit.runners.ParentRunner.run(ParentRunner.java:363)
	at org.apache.maven.surefire.junit4.JUnit4Provider.execute(JUnit4Provider.java:252)
	at org.apache.maven.surefire.junit4.JUnit4Provider.executeTestSet(JUnit4Provider.java:141)
	at org.apache.maven.surefire.junit4.JUnit4Provider.invoke(JUnit4Provider.java:112)
	at java.base/jdk.internal.reflect.NativeMethodAccessorImpl.invoke0(Native Method)
	at java.base/jdk.internal.reflect.NativeMethodAccessorImpl.invoke(NativeMethodAccessorImpl.java:62)
	at java.base/jdk.internal.reflect.DelegatingMethodAccessorImpl.invoke(DelegatingMethodAccessorImpl.java:43)
	at java.base/java.lang.reflect.Method.invoke(Method.java:566)
	at org.apache.maven.surefire.util.ReflectionUtils.invokeMethodWithArray(ReflectionUtils.java:189)
	at org.apache.maven.surefire.booter.ProviderFactory$ProviderProxy.invoke(ProviderFactory.java:165)
	at org.apache.maven.surefire.booter.ProviderFactory.invokeProvider(ProviderFactory.java:85)
	at org.apache.maven.surefire.booter.ForkedBooter.runSuitesInProcess(ForkedBooter.java:115)
	at org.apache.maven.surefire.booter.ForkedBooter.main(ForkedBooter.java:75)
Caused by: org.apache.commons.vfs2.FileSystemException: Expecting // to follow the scheme in URI &quot;azsb://null/***YOUR TEST CONTAINER***/uploadFile02\dir01\file01&quot;.
	at org.apache.commons.vfs2.provider.HostFileNameParser.extractToPath(HostFileNameParser.java:79)
	at org.apache.commons.vfs2.provider.URLFileNameParser.parseUri(URLFileNameParser.java:47)
	at org.apache.commons.vfs2.provider.AbstractFileProvider.parseUri(AbstractFileProvider.java:179)
	at org.apache.commons.vfs2.provider.AbstractOriginatingFileProvider.findFile(AbstractOriginatingFileProvider.java:49)
	... 38 more
</error>
  </testcase>
  <testcase classname="com.sludev.commons.vfs2.provider.azure.AzFileProviderTest" name="A004_getContentSize" time="0.004">
    <error message="Invalid absolute URI &quot;azsb://null/***YOUR TEST CONTAINER***/test01.tmp&quot;." type="org.apache.commons.vfs2.FileSystemException">org.apache.commons.vfs2.FileSystemException: Invalid absolute URI &quot;azsb://null/***YOUR TEST CONTAINER***/test01.tmp&quot;.
	at org.apache.commons.vfs2.provider.AbstractOriginatingFileProvider.findFile(AbstractOriginatingFileProvider.java:51)
	at org.apache.commons.vfs2.impl.DefaultFileSystemManager.resolveFile(DefaultFileSystemManager.java:716)
	at org.apache.commons.vfs2.impl.DefaultFileSystemManager.resolveFile(DefaultFileSystemManager.java:653)
	at com.sludev.commons.vfs2.provider.azure.AzFileProviderTest.A004_getContentSize(AzFileProviderTest.java:236)
	at java.base/jdk.internal.reflect.NativeMethodAccessorImpl.invoke0(Native Method)
	at java.base/jdk.internal.reflect.NativeMethodAccessorImpl.invoke(NativeMethodAccessorImpl.java:62)
	at java.base/jdk.internal.reflect.DelegatingMethodAccessorImpl.invoke(DelegatingMethodAccessorImpl.java:43)
	at java.base/java.lang.reflect.Method.invoke(Method.java:566)
	at org.junit.runners.model.FrameworkMethod$1.runReflectiveCall(FrameworkMethod.java:50)
	at org.junit.internal.runners.model.ReflectiveCallable.run(ReflectiveCallable.java:12)
	at org.junit.runners.model.FrameworkMethod.invokeExplosively(FrameworkMethod.java:47)
	at org.junit.internal.runners.statements.InvokeMethod.evaluate(InvokeMethod.java:17)
	at org.junit.internal.runners.statements.RunBefores.evaluate(RunBefores.java:26)
	at org.junit.internal.runners.statements.RunAfters.evaluate(RunAfters.java:27)
	at org.junit.rules.TestWatcher$1.evaluate(TestWatcher.java:55)
	at org.junit.rules.RunRules.evaluate(RunRules.java:20)
	at org.junit.runners.ParentRunner.runLeaf(ParentRunner.java:325)
	at org.junit.runners.BlockJUnit4ClassRunner.runChild(BlockJUnit4ClassRunner.java:78)
	at org.junit.runners.BlockJUnit4ClassRunner.runChild(BlockJUnit4ClassRunner.java:57)
	at org.junit.runners.ParentRunner$3.run(ParentRunner.java:290)
	at org.junit.runners.ParentRunner$1.schedule(ParentRunner.java:71)
	at org.junit.runners.ParentRunner.runChildren(ParentRunner.java:288)
	at org.junit.runners.ParentRunner.access$000(ParentRunner.java:58)
	at org.junit.runners.ParentRunner$2.evaluate(ParentRunner.java:268)
	at org.junit.internal.runners.statements.RunBefores.evaluate(RunBefores.java:26)
	at org.junit.internal.runners.statements.RunAfters.evaluate(RunAfters.java:27)
	at org.junit.runners.ParentRunner.run(ParentRunner.java:363)
	at org.apache.maven.surefire.junit4.JUnit4Provider.execute(JUnit4Provider.java:252)
	at org.apache.maven.surefire.junit4.JUnit4Provider.executeTestSet(JUnit4Provider.java:141)
	at org.apache.maven.surefire.junit4.JUnit4Provider.invoke(JUnit4Provider.java:112)
	at java.base/jdk.internal.reflect.NativeMethodAccessorImpl.invoke0(Native Method)
	at java.base/jdk.internal.reflect.NativeMethodAccessorImpl.invoke(NativeMethodAccessorImpl.java:62)
	at java.base/jdk.internal.reflect.DelegatingMethodAccessorImpl.invoke(DelegatingMethodAccessorImpl.java:43)
	at java.base/java.lang.reflect.Method.invoke(Method.java:566)
	at org.apache.maven.surefire.util.ReflectionUtils.invokeMethodWithArray(ReflectionUtils.java:189)
	at org.apache.maven.surefire.booter.ProviderFactory$ProviderProxy.invoke(ProviderFactory.java:165)
	at org.apache.maven.surefire.booter.ProviderFactory.invokeProvider(ProviderFactory.java:85)
	at org.apache.maven.surefire.booter.ForkedBooter.runSuitesInProcess(ForkedBooter.java:115)
	at org.apache.maven.surefire.booter.ForkedBooter.main(ForkedBooter.java:75)
Caused by: org.apache.commons.vfs2.FileSystemException: Expecting // to follow the scheme in URI &quot;azsb://null/***YOUR TEST CONTAINER***/test01.tmp&quot;.
	at org.apache.commons.vfs2.provider.HostFileNameParser.extractToPath(HostFileNameParser.java:79)
	at org.apache.commons.vfs2.provider.URLFileNameParser.parseUri(URLFileNameParser.java:47)
	at org.apache.commons.vfs2.provider.AbstractFileProvider.parseUri(AbstractFileProvider.java:179)
	at org.apache.commons.vfs2.provider.AbstractOriginatingFileProvider.findFile(AbstractOriginatingFileProvider.java:49)
	... 38 more
</error>
    <system-out>12:49:41.636 [main] DEBUG com.sludev.commons.vfs2.provider.azure.AzFileProviderTest - Error setting up remote folder structure.  Have you set the test001.properties file?
org.apache.commons.vfs2.FileSystemException: Invalid absolute URI &quot;azsb://null/***YOUR TEST CONTAINER***/uploadFile02\dir01\file01&quot;.
	at org.apache.commons.vfs2.provider.AbstractOriginatingFileProvider.findFile(AbstractOriginatingFileProvider.java:51) ~[commons-vfs2-2.3.jar:2.3]
	at org.apache.commons.vfs2.impl.DefaultFileSystemManager.resolveFile(DefaultFileSystemManager.java:716) ~[commons-vfs2-2.3.jar:2.3]
	at org.apache.commons.vfs2.impl.DefaultFileSystemManager.resolveFile(DefaultFileSystemManager.java:653) ~[commons-vfs2-2.3.jar:2.3]
	at com.sludev.commons.vfs2.provider.azure.AzTestUtils.uploadFile(AzTestUtils.java:54) ~[test-classes/:?]
	at com.sludev.commons.vfs2.provider.azure.AzFileProviderTest.uploadFileSetup02(AzFileProviderTest.java:377) ~[test-classes/:?]
	at com.sludev.commons.vfs2.provider.azure.AzFileProviderTest.setUp(AzFileProviderTest.java:80) [test-classes/:?]
	at jdk.internal.reflect.NativeMethodAccessorImpl.invoke0(Native Method) ~[?:?]
	at jdk.internal.reflect.NativeMethodAccessorImpl.invoke(NativeMethodAccessorImpl.java:62) ~[?:?]
	at jdk.internal.reflect.DelegatingMethodAccessorImpl.invoke(DelegatingMethodAccessorImpl.java:43) ~[?:?]
	at java.lang.reflect.Method.invoke(Method.java:566) ~[?:?]
	at org.junit.runners.model.FrameworkMethod$1.runReflectiveCall(FrameworkMethod.java:50) [junit-4.12.jar:4.12]
	at org.junit.internal.runners.model.ReflectiveCallable.run(ReflectiveCallable.java:12) [junit-4.12.jar:4.12]
	at org.junit.runners.model.FrameworkMethod.invokeExplosively(FrameworkMethod.java:47) [junit-4.12.jar:4.12]
	at org.junit.internal.runners.statements.RunBefores.evaluate(RunBefores.java:24) [junit-4.12.jar:4.12]
	at org.junit.internal.runners.statements.RunAfters.evaluate(RunAfters.java:27) [junit-4.12.jar:4.12]
	at org.junit.rules.TestWatcher$1.evaluate(TestWatcher.java:55) [junit-4.12.jar:4.12]
	at org.junit.rules.RunRules.evaluate(RunRules.java:20) [junit-4.12.jar:4.12]
	at org.junit.runners.ParentRunner.runLeaf(ParentRunner.java:325) [junit-4.12.jar:4.12]
	at org.junit.runners.BlockJUnit4ClassRunner.runChild(BlockJUnit4ClassRunner.java:78) [junit-4.12.jar:4.12]
	at org.junit.runners.BlockJUnit4ClassRunner.runChild(BlockJUnit4ClassRunner.java:57) [junit-4.12.jar:4.12]
	at org.junit.runners.ParentRunner$3.run(ParentRunner.java:290) [junit-4.12.jar:4.12]
	at org.junit.runners.ParentRunner$1.schedule(ParentRunner.java:71) [junit-4.12.jar:4.12]
	at org.junit.runners.ParentRunner.runChildren(ParentRunner.java:288) [junit-4.12.jar:4.12]
	at org.junit.runners.ParentRunner.access$000(ParentRunner.java:58) [junit-4.12.jar:4.12]
	at org.junit.runners.ParentRunner$2.evaluate(ParentRunner.java:268) [junit-4.12.jar:4.12]
	at org.junit.internal.runners.statements.RunBefores.evaluate(RunBefores.java:26) [junit-4.12.jar:4.12]
	at org.junit.internal.runners.statements.RunAfters.evaluate(RunAfters.java:27) [junit-4.12.jar:4.12]
	at org.junit.runners.ParentRunner.run(ParentRunner.java:363) [junit-4.12.jar:4.12]
	at org.apache.maven.surefire.junit4.JUnit4Provider.execute(JUnit4Provider.java:252) [surefire-junit4-2.12.4.jar:2.12.4]
	at org.apache.maven.surefire.junit4.JUnit4Provider.executeTestSet(JUnit4Provider.java:141) [surefire-junit4-2.12.4.jar:2.12.4]
	at org.apache.maven.surefire.junit4.JUnit4Provider.invoke(JUnit4Provider.java:112) [surefire-junit4-2.12.4.jar:2.12.4]
	at jdk.internal.reflect.NativeMethodAccessorImpl.invoke0(Native Method) ~[?:?]
	at jdk.internal.reflect.NativeMethodAccessorImpl.invoke(NativeMethodAccessorImpl.java:62) ~[?:?]
	at jdk.internal.reflect.DelegatingMethodAccessorImpl.invoke(DelegatingMethodAccessorImpl.java:43) ~[?:?]
	at java.lang.reflect.Method.invoke(Method.java:566) ~[?:?]
	at org.apache.maven.surefire.util.ReflectionUtils.invokeMethodWithArray(ReflectionUtils.java:189) [surefire-api-2.12.4.jar:2.12.4]
	at org.apache.maven.surefire.booter.ProviderFactory$ProviderProxy.invoke(ProviderFactory.java:165) [surefire-booter-2.12.4.jar:2.12.4]
	at org.apache.maven.surefire.booter.ProviderFactory.invokeProvider(ProviderFactory.java:85) [surefire-booter-2.12.4.jar:2.12.4]
	at org.apache.maven.surefire.booter.ForkedBooter.runSuitesInProcess(ForkedBooter.java:115) [surefire-booter-2.12.4.jar:2.12.4]
	at org.apache.maven.surefire.booter.ForkedBooter.main(ForkedBooter.java:75) [surefire-booter-2.12.4.jar:2.12.4]
Caused by: org.apache.commons.vfs2.FileSystemException: Expecting // to follow the scheme in URI &quot;azsb://null/***YOUR TEST CONTAINER***/uploadFile02\dir01\file01&quot;.
	at org.apache.commons.vfs2.provider.HostFileNameParser.extractToPath(HostFileNameParser.java:79) ~[commons-vfs2-2.3.jar:2.3]
	at org.apache.commons.vfs2.provider.URLFileNameParser.parseUri(URLFileNameParser.java:47) ~[commons-vfs2-2.3.jar:2.3]
	at org.apache.commons.vfs2.provider.AbstractFileProvider.parseUri(AbstractFileProvider.java:179) ~[commons-vfs2-2.3.jar:2.3]
	at org.apache.commons.vfs2.provider.AbstractOriginatingFileProvider.findFile(AbstractOriginatingFileProvider.java:49) ~[commons-vfs2-2.3.jar:2.3]
	... 39 more
12:49:41.638 [main] INFO  com.sludev.commons.vfs2.provider.azure.AzTestWatcher - A004_getContentSize(com.sludev.commons.vfs2.provider.azure.AzFileProviderTest) failed There were 2 errors:
  org.apache.commons.vfs2.FileSystemException(Invalid absolute URI &quot;azsb://null/***YOUR TEST CONTAINER***/test01.tmp&quot;.)
  org.apache.commons.vfs2.FileSystemException(Invalid absolute URI &quot;azsb://null/***YOUR TEST CONTAINER***/uploadFile02\dir01\file01&quot;.)
</system-out>
  </testcase>
  <testcase classname="com.sludev.commons.vfs2.provider.azure.AzFileProviderTest" name="A004_getContentSize" time="0.004">
    <error message="Invalid absolute URI &quot;azsb://null/***YOUR TEST CONTAINER***/uploadFile02\dir01\file01&quot;." type="org.apache.commons.vfs2.FileSystemException">org.apache.commons.vfs2.FileSystemException: Invalid absolute URI &quot;azsb://null/***YOUR TEST CONTAINER***/uploadFile02\dir01\file01&quot;.
	at org.apache.commons.vfs2.provider.AbstractOriginatingFileProvider.findFile(AbstractOriginatingFileProvider.java:51)
	at org.apache.commons.vfs2.impl.DefaultFileSystemManager.resolveFile(DefaultFileSystemManager.java:716)
	at org.apache.commons.vfs2.impl.DefaultFileSystemManager.resolveFile(DefaultFileSystemManager.java:653)
	at com.sludev.commons.vfs2.provider.azure.AzTestUtils.deleteFile(AzTestUtils.java:77)
	at com.sludev.commons.vfs2.provider.azure.AzFileProviderTest.removeFileSetup02(AzFileProviderTest.java:350)
	at com.sludev.commons.vfs2.provider.azure.AzFileProviderTest.tearDown(AzFileProviderTest.java:101)
	at java.base/jdk.internal.reflect.NativeMethodAccessorImpl.invoke0(Native Method)
	at java.base/jdk.internal.reflect.NativeMethodAccessorImpl.invoke(NativeMethodAccessorImpl.java:62)
	at java.base/jdk.internal.reflect.DelegatingMethodAccessorImpl.invoke(DelegatingMethodAccessorImpl.java:43)
	at java.base/java.lang.reflect.Method.invoke(Method.java:566)
	at org.junit.runners.model.FrameworkMethod$1.runReflectiveCall(FrameworkMethod.java:50)
	at org.junit.internal.runners.model.ReflectiveCallable.run(ReflectiveCallable.java:12)
	at org.junit.runners.model.FrameworkMethod.invokeExplosively(FrameworkMethod.java:47)
	at org.junit.internal.runners.statements.RunAfters.evaluate(RunAfters.java:33)
	at org.junit.rules.TestWatcher$1.evaluate(TestWatcher.java:55)
	at org.junit.rules.RunRules.evaluate(RunRules.java:20)
	at org.junit.runners.ParentRunner.runLeaf(ParentRunner.java:325)
	at org.junit.runners.BlockJUnit4ClassRunner.runChild(BlockJUnit4ClassRunner.java:78)
	at org.junit.runners.BlockJUnit4ClassRunner.runChild(BlockJUnit4ClassRunner.java:57)
	at org.junit.runners.ParentRunner$3.run(ParentRunner.java:290)
	at org.junit.runners.ParentRunner$1.schedule(ParentRunner.java:71)
	at org.junit.runners.ParentRunner.runChildren(ParentRunner.java:288)
	at org.junit.runners.ParentRunner.access$000(ParentRunner.java:58)
	at org.junit.runners.ParentRunner$2.evaluate(ParentRunner.java:268)
	at org.junit.internal.runners.statements.RunBefores.evaluate(RunBefores.java:26)
	at org.junit.internal.runners.statements.RunAfters.evaluate(RunAfters.java:27)
	at org.junit.runners.ParentRunner.run(ParentRunner.java:363)
	at org.apache.maven.surefire.junit4.JUnit4Provider.execute(JUnit4Provider.java:252)
	at org.apache.maven.surefire.junit4.JUnit4Provider.executeTestSet(JUnit4Provider.java:141)
	at org.apache.maven.surefire.junit4.JUnit4Provider.invoke(JUnit4Provider.java:112)
	at java.base/jdk.internal.reflect.NativeMethodAccessorImpl.invoke0(Native Method)
	at java.base/jdk.internal.reflect.NativeMethodAccessorImpl.invoke(NativeMethodAccessorImpl.java:62)
	at java.base/jdk.internal.reflect.DelegatingMethodAccessorImpl.invoke(DelegatingMethodAccessorImpl.java:43)
	at java.base/java.lang.reflect.Method.invoke(Method.java:566)
	at org.apache.maven.surefire.util.ReflectionUtils.invokeMethodWithArray(ReflectionUtils.java:189)
	at org.apache.maven.surefire.booter.ProviderFactory$ProviderProxy.invoke(ProviderFactory.java:165)
	at org.apache.maven.surefire.booter.ProviderFactory.invokeProvider(ProviderFactory.java:85)
	at org.apache.maven.surefire.booter.ForkedBooter.runSuitesInProcess(ForkedBooter.java:115)
	at org.apache.maven.surefire.booter.ForkedBooter.main(ForkedBooter.java:75)
Caused by: org.apache.commons.vfs2.FileSystemException: Expecting // to follow the scheme in URI &quot;azsb://null/***YOUR TEST CONTAINER***/uploadFile02\dir01\file01&quot;.
	at org.apache.commons.vfs2.provider.HostFileNameParser.extractToPath(HostFileNameParser.java:79)
	at org.apache.commons.vfs2.provider.URLFileNameParser.parseUri(URLFileNameParser.java:47)
	at org.apache.commons.vfs2.provider.AbstractFileProvider.parseUri(AbstractFileProvider.java:179)
	at org.apache.commons.vfs2.provider.AbstractOriginatingFileProvider.findFile(AbstractOriginatingFileProvider.java:49)
	... 38 more
</error>
  </testcase>
  <testcase classname="com.sludev.commons.vfs2.provider.azure.AzFileProviderTest" name="A005_listChildren" time="0.004">
    <error message="Invalid absolute URI &quot;azsb://null/***YOUR TEST CONTAINER***/uploadFile02&quot;." type="org.apache.commons.vfs2.FileSystemException">org.apache.commons.vfs2.FileSystemException: Invalid absolute URI &quot;azsb://null/***YOUR TEST CONTAINER***/uploadFile02&quot;.
	at org.apache.commons.vfs2.provider.AbstractOriginatingFileProvider.findFile(AbstractOriginatingFileProvider.java:51)
	at org.apache.commons.vfs2.impl.DefaultFileSystemManager.resolveFile(DefaultFileSystemManager.java:716)
	at org.apache.commons.vfs2.impl.DefaultFileSystemManager.resolveFile(DefaultFileSystemManager.java:653)
	at com.sludev.commons.vfs2.provider.azure.AzFileProviderTest.A005_listChildren(AzFileProviderTest.java:271)
	at java.base/jdk.internal.reflect.NativeMethodAccessorImpl.invoke0(Native Method)
	at java.base/jdk.internal.reflect.NativeMethodAccessorImpl.invoke(NativeMethodAccessorImpl.java:62)
	at java.base/jdk.internal.reflect.DelegatingMethodAccessorImpl.invoke(DelegatingMethodAccessorImpl.java:43)
	at java.base/java.lang.reflect.Method.invoke(Method.java:566)
	at org.junit.runners.model.FrameworkMethod$1.runReflectiveCall(FrameworkMethod.java:50)
	at org.junit.internal.runners.model.ReflectiveCallable.run(ReflectiveCallable.java:12)
	at org.junit.runners.model.FrameworkMethod.invokeExplosively(FrameworkMethod.java:47)
	at org.junit.internal.runners.statements.InvokeMethod.evaluate(InvokeMethod.java:17)
	at org.junit.internal.runners.statements.RunBefores.evaluate(RunBefores.java:26)
	at org.junit.internal.runners.statements.RunAfters.evaluate(RunAfters.java:27)
	at org.junit.rules.TestWatcher$1.evaluate(TestWatcher.java:55)
	at org.junit.rules.RunRules.evaluate(RunRules.java:20)
	at org.junit.runners.ParentRunner.runLeaf(ParentRunner.java:325)
	at org.junit.runners.BlockJUnit4ClassRunner.runChild(BlockJUnit4ClassRunner.java:78)
	at org.junit.runners.BlockJUnit4ClassRunner.runChild(BlockJUnit4ClassRunner.java:57)
	at org.junit.runners.ParentRunner$3.run(ParentRunner.java:290)
	at org.junit.runners.ParentRunner$1.schedule(ParentRunner.java:71)
	at org.junit.runners.ParentRunner.runChildren(ParentRunner.java:288)
	at org.junit.runners.ParentRunner.access$000(ParentRunner.java:58)
	at org.junit.runners.ParentRunner$2.evaluate(ParentRunner.java:268)
	at org.junit.internal.runners.statements.RunBefores.evaluate(RunBefores.java:26)
	at org.junit.internal.runners.statements.RunAfters.evaluate(RunAfters.java:27)
	at org.junit.runners.ParentRunner.run(ParentRunner.java:363)
	at org.apache.maven.surefire.junit4.JUnit4Provider.execute(JUnit4Provider.java:252)
	at org.apache.maven.surefire.junit4.JUnit4Provider.executeTestSet(JUnit4Provider.java:141)
	at org.apache.maven.surefire.junit4.JUnit4Provider.invoke(JUnit4Provider.java:112)
	at java.base/jdk.internal.reflect.NativeMethodAccessorImpl.invoke0(Native Method)
	at java.base/jdk.internal.reflect.NativeMethodAccessorImpl.invoke(NativeMethodAccessorImpl.java:62)
	at java.base/jdk.internal.reflect.DelegatingMethodAccessorImpl.invoke(DelegatingMethodAccessorImpl.java:43)
	at java.base/java.lang.reflect.Method.invoke(Method.java:566)
	at org.apache.maven.surefire.util.ReflectionUtils.invokeMethodWithArray(ReflectionUtils.java:189)
	at org.apache.maven.surefire.booter.ProviderFactory$ProviderProxy.invoke(ProviderFactory.java:165)
	at org.apache.maven.surefire.booter.ProviderFactory.invokeProvider(ProviderFactory.java:85)
	at org.apache.maven.surefire.booter.ForkedBooter.runSuitesInProcess(ForkedBooter.java:115)
	at org.apache.maven.surefire.booter.ForkedBooter.main(ForkedBooter.java:75)
Caused by: org.apache.commons.vfs2.FileSystemException: Expecting // to follow the scheme in URI &quot;azsb://null/***YOUR TEST CONTAINER***/uploadFile02&quot;.
	at org.apache.commons.vfs2.provider.HostFileNameParser.extractToPath(HostFileNameParser.java:79)
	at org.apache.commons.vfs2.provider.URLFileNameParser.parseUri(URLFileNameParser.java:47)
	at org.apache.commons.vfs2.provider.AbstractFileProvider.parseUri(AbstractFileProvider.java:179)
	at org.apache.commons.vfs2.provider.AbstractOriginatingFileProvider.findFile(AbstractOriginatingFileProvider.java:49)
	... 38 more
</error>
    <system-out>12:49:41.640 [main] DEBUG com.sludev.commons.vfs2.provider.azure.AzFileProviderTest - Error setting up remote folder structure.  Have you set the test001.properties file?
org.apache.commons.vfs2.FileSystemException: Invalid absolute URI &quot;azsb://null/***YOUR TEST CONTAINER***/uploadFile02\dir01\file01&quot;.
	at org.apache.commons.vfs2.provider.AbstractOriginatingFileProvider.findFile(AbstractOriginatingFileProvider.java:51) ~[commons-vfs2-2.3.jar:2.3]
	at org.apache.commons.vfs2.impl.DefaultFileSystemManager.resolveFile(DefaultFileSystemManager.java:716) ~[commons-vfs2-2.3.jar:2.3]
	at org.apache.commons.vfs2.impl.DefaultFileSystemManager.resolveFile(DefaultFileSystemManager.java:653) ~[commons-vfs2-2.3.jar:2.3]
	at com.sludev.commons.vfs2.provider.azure.AzTestUtils.uploadFile(AzTestUtils.java:54) ~[test-classes/:?]
	at com.sludev.commons.vfs2.provider.azure.AzFileProviderTest.uploadFileSetup02(AzFileProviderTest.java:377) ~[test-classes/:?]
	at com.sludev.commons.vfs2.provider.azure.AzFileProviderTest.setUp(AzFileProviderTest.java:80) [test-classes/:?]
	at jdk.internal.reflect.NativeMethodAccessorImpl.invoke0(Native Method) ~[?:?]
	at jdk.internal.reflect.NativeMethodAccessorImpl.invoke(NativeMethodAccessorImpl.java:62) ~[?:?]
	at jdk.internal.reflect.DelegatingMethodAccessorImpl.invoke(DelegatingMethodAccessorImpl.java:43) ~[?:?]
	at java.lang.reflect.Method.invoke(Method.java:566) ~[?:?]
	at org.junit.runners.model.FrameworkMethod$1.runReflectiveCall(FrameworkMethod.java:50) [junit-4.12.jar:4.12]
	at org.junit.internal.runners.model.ReflectiveCallable.run(ReflectiveCallable.java:12) [junit-4.12.jar:4.12]
	at org.junit.runners.model.FrameworkMethod.invokeExplosively(FrameworkMethod.java:47) [junit-4.12.jar:4.12]
	at org.junit.internal.runners.statements.RunBefores.evaluate(RunBefores.java:24) [junit-4.12.jar:4.12]
	at org.junit.internal.runners.statements.RunAfters.evaluate(RunAfters.java:27) [junit-4.12.jar:4.12]
	at org.junit.rules.TestWatcher$1.evaluate(TestWatcher.java:55) [junit-4.12.jar:4.12]
	at org.junit.rules.RunRules.evaluate(RunRules.java:20) [junit-4.12.jar:4.12]
	at org.junit.runners.ParentRunner.runLeaf(ParentRunner.java:325) [junit-4.12.jar:4.12]
	at org.junit.runners.BlockJUnit4ClassRunner.runChild(BlockJUnit4ClassRunner.java:78) [junit-4.12.jar:4.12]
	at org.junit.runners.BlockJUnit4ClassRunner.runChild(BlockJUnit4ClassRunner.java:57) [junit-4.12.jar:4.12]
	at org.junit.runners.ParentRunner$3.run(ParentRunner.java:290) [junit-4.12.jar:4.12]
	at org.junit.runners.ParentRunner$1.schedule(ParentRunner.java:71) [junit-4.12.jar:4.12]
	at org.junit.runners.ParentRunner.runChildren(ParentRunner.java:288) [junit-4.12.jar:4.12]
	at org.junit.runners.ParentRunner.access$000(ParentRunner.java:58) [junit-4.12.jar:4.12]
	at org.junit.runners.ParentRunner$2.evaluate(ParentRunner.java:268) [junit-4.12.jar:4.12]
	at org.junit.internal.runners.statements.RunBefores.evaluate(RunBefores.java:26) [junit-4.12.jar:4.12]
	at org.junit.internal.runners.statements.RunAfters.evaluate(RunAfters.java:27) [junit-4.12.jar:4.12]
	at org.junit.runners.ParentRunner.run(ParentRunner.java:363) [junit-4.12.jar:4.12]
	at org.apache.maven.surefire.junit4.JUnit4Provider.execute(JUnit4Provider.java:252) [surefire-junit4-2.12.4.jar:2.12.4]
	at org.apache.maven.surefire.junit4.JUnit4Provider.executeTestSet(JUnit4Provider.java:141) [surefire-junit4-2.12.4.jar:2.12.4]
	at org.apache.maven.surefire.junit4.JUnit4Provider.invoke(JUnit4Provider.java:112) [surefire-junit4-2.12.4.jar:2.12.4]
	at jdk.internal.reflect.NativeMethodAccessorImpl.invoke0(Native Method) ~[?:?]
	at jdk.internal.reflect.NativeMethodAccessorImpl.invoke(NativeMethodAccessorImpl.java:62) ~[?:?]
	at jdk.internal.reflect.DelegatingMethodAccessorImpl.invoke(DelegatingMethodAccessorImpl.java:43) ~[?:?]
	at java.lang.reflect.Method.invoke(Method.java:566) ~[?:?]
	at org.apache.maven.surefire.util.ReflectionUtils.invokeMethodWithArray(ReflectionUtils.java:189) [surefire-api-2.12.4.jar:2.12.4]
	at org.apache.maven.surefire.booter.ProviderFactory$ProviderProxy.invoke(ProviderFactory.java:165) [surefire-booter-2.12.4.jar:2.12.4]
	at org.apache.maven.surefire.booter.ProviderFactory.invokeProvider(ProviderFactory.java:85) [surefire-booter-2.12.4.jar:2.12.4]
	at org.apache.maven.surefire.booter.ForkedBooter.runSuitesInProcess(ForkedBooter.java:115) [surefire-booter-2.12.4.jar:2.12.4]
	at org.apache.maven.surefire.booter.ForkedBooter.main(ForkedBooter.java:75) [surefire-booter-2.12.4.jar:2.12.4]
Caused by: org.apache.commons.vfs2.FileSystemException: Expecting // to follow the scheme in URI &quot;azsb://null/***YOUR TEST CONTAINER***/uploadFile02\dir01\file01&quot;.
	at org.apache.commons.vfs2.provider.HostFileNameParser.extractToPath(HostFileNameParser.java:79) ~[commons-vfs2-2.3.jar:2.3]
	at org.apache.commons.vfs2.provider.URLFileNameParser.parseUri(URLFileNameParser.java:47) ~[commons-vfs2-2.3.jar:2.3]
	at org.apache.commons.vfs2.provider.AbstractFileProvider.parseUri(AbstractFileProvider.java:179) ~[commons-vfs2-2.3.jar:2.3]
	at org.apache.commons.vfs2.provider.AbstractOriginatingFileProvider.findFile(AbstractOriginatingFileProvider.java:49) ~[commons-vfs2-2.3.jar:2.3]
	... 39 more
12:49:41.642 [main] INFO  com.sludev.commons.vfs2.provider.azure.AzTestWatcher - A005_listChildren(com.sludev.commons.vfs2.provider.azure.AzFileProviderTest) failed There were 2 errors:
  org.apache.commons.vfs2.FileSystemException(Invalid absolute URI &quot;azsb://null/***YOUR TEST CONTAINER***/uploadFile02&quot;.)
  org.apache.commons.vfs2.FileSystemException(Invalid absolute URI &quot;azsb://null/***YOUR TEST CONTAINER***/uploadFile02\dir01\file01&quot;.)
</system-out>
  </testcase>
  <testcase classname="com.sludev.commons.vfs2.provider.azure.AzFileProviderTest" name="A005_listChildren" time="0.004">
    <error message="Invalid absolute URI &quot;azsb://null/***YOUR TEST CONTAINER***/uploadFile02\dir01\file01&quot;." type="org.apache.commons.vfs2.FileSystemException">org.apache.commons.vfs2.FileSystemException: Invalid absolute URI &quot;azsb://null/***YOUR TEST CONTAINER***/uploadFile02\dir01\file01&quot;.
	at org.apache.commons.vfs2.provider.AbstractOriginatingFileProvider.findFile(AbstractOriginatingFileProvider.java:51)
	at org.apache.commons.vfs2.impl.DefaultFileSystemManager.resolveFile(DefaultFileSystemManager.java:716)
	at org.apache.commons.vfs2.impl.DefaultFileSystemManager.resolveFile(DefaultFileSystemManager.java:653)
	at com.sludev.commons.vfs2.provider.azure.AzTestUtils.deleteFile(AzTestUtils.java:77)
	at com.sludev.commons.vfs2.provider.azure.AzFileProviderTest.removeFileSetup02(AzFileProviderTest.java:350)
	at com.sludev.commons.vfs2.provider.azure.AzFileProviderTest.tearDown(AzFileProviderTest.java:101)
	at java.base/jdk.internal.reflect.NativeMethodAccessorImpl.invoke0(Native Method)
	at java.base/jdk.internal.reflect.NativeMethodAccessorImpl.invoke(NativeMethodAccessorImpl.java:62)
	at java.base/jdk.internal.reflect.DelegatingMethodAccessorImpl.invoke(DelegatingMethodAccessorImpl.java:43)
	at java.base/java.lang.reflect.Method.invoke(Method.java:566)
	at org.junit.runners.model.FrameworkMethod$1.runReflectiveCall(FrameworkMethod.java:50)
	at org.junit.internal.runners.model.ReflectiveCallable.run(ReflectiveCallable.java:12)
	at org.junit.runners.model.FrameworkMethod.invokeExplosively(FrameworkMethod.java:47)
	at org.junit.internal.runners.statements.RunAfters.evaluate(RunAfters.java:33)
	at org.junit.rules.TestWatcher$1.evaluate(TestWatcher.java:55)
	at org.junit.rules.RunRules.evaluate(RunRules.java:20)
	at org.junit.runners.ParentRunner.runLeaf(ParentRunner.java:325)
	at org.junit.runners.BlockJUnit4ClassRunner.runChild(BlockJUnit4ClassRunner.java:78)
	at org.junit.runners.BlockJUnit4ClassRunner.runChild(BlockJUnit4ClassRunner.java:57)
	at org.junit.runners.ParentRunner$3.run(ParentRunner.java:290)
	at org.junit.runners.ParentRunner$1.schedule(ParentRunner.java:71)
	at org.junit.runners.ParentRunner.runChildren(ParentRunner.java:288)
	at org.junit.runners.ParentRunner.access$000(ParentRunner.java:58)
	at org.junit.runners.ParentRunner$2.evaluate(ParentRunner.java:268)
	at org.junit.internal.runners.statements.RunBefores.evaluate(RunBefores.java:26)
	at org.junit.internal.runners.statements.RunAfters.evaluate(RunAfters.java:27)
	at org.junit.runners.ParentRunner.run(ParentRunner.java:363)
	at org.apache.maven.surefire.junit4.JUnit4Provider.execute(JUnit4Provider.java:252)
	at org.apache.maven.surefire.junit4.JUnit4Provider.executeTestSet(JUnit4Provider.java:141)
	at org.apache.maven.surefire.junit4.JUnit4Provider.invoke(JUnit4Provider.java:112)
	at java.base/jdk.internal.reflect.NativeMethodAccessorImpl.invoke0(Native Method)
	at java.base/jdk.internal.reflect.NativeMethodAccessorImpl.invoke(NativeMethodAccessorImpl.java:62)
	at java.base/jdk.internal.reflect.DelegatingMethodAccessorImpl.invoke(DelegatingMethodAccessorImpl.java:43)
	at java.base/java.lang.reflect.Method.invoke(Method.java:566)
	at org.apache.maven.surefire.util.ReflectionUtils.invokeMethodWithArray(ReflectionUtils.java:189)
	at org.apache.maven.surefire.booter.ProviderFactory$ProviderProxy.invoke(ProviderFactory.java:165)
	at org.apache.maven.surefire.booter.ProviderFactory.invokeProvider(ProviderFactory.java:85)
	at org.apache.maven.surefire.booter.ForkedBooter.runSuitesInProcess(ForkedBooter.java:115)
	at org.apache.maven.surefire.booter.ForkedBooter.main(ForkedBooter.java:75)
Caused by: org.apache.commons.vfs2.FileSystemException: Expecting // to follow the scheme in URI &quot;azsb://null/***YOUR TEST CONTAINER***/uploadFile02\dir01\file01&quot;.
	at org.apache.commons.vfs2.provider.HostFileNameParser.extractToPath(HostFileNameParser.java:79)
	at org.apache.commons.vfs2.provider.URLFileNameParser.parseUri(URLFileNameParser.java:47)
	at org.apache.commons.vfs2.provider.AbstractFileProvider.parseUri(AbstractFileProvider.java:179)
	at org.apache.commons.vfs2.provider.AbstractOriginatingFileProvider.findFile(AbstractOriginatingFileProvider.java:49)
	... 38 more
</error>
  </testcase>
  <testcase classname="com.sludev.commons.vfs2.provider.azure.AzFileProviderTest" name="A006_testContent" time="0.007">
    <error message="Invalid absolute URI &quot;azsb://null/***YOUR TEST CONTAINER***/file05&quot;." type="org.apache.commons.vfs2.FileSystemException">org.apache.commons.vfs2.FileSystemException: Invalid absolute URI &quot;azsb://null/***YOUR TEST CONTAINER***/file05&quot;.
	at org.apache.commons.vfs2.provider.AbstractOriginatingFileProvider.findFile(AbstractOriginatingFileProvider.java:51)
	at org.apache.commons.vfs2.impl.DefaultFileSystemManager.resolveFile(DefaultFileSystemManager.java:716)
	at org.apache.commons.vfs2.impl.DefaultFileSystemManager.resolveFile(DefaultFileSystemManager.java:653)
	at com.sludev.commons.vfs2.provider.azure.AzFileProviderTest.A006_testContent(AzFileProviderTest.java:305)
	at java.base/jdk.internal.reflect.NativeMethodAccessorImpl.invoke0(Native Method)
	at java.base/jdk.internal.reflect.NativeMethodAccessorImpl.invoke(NativeMethodAccessorImpl.java:62)
	at java.base/jdk.internal.reflect.DelegatingMethodAccessorImpl.invoke(DelegatingMethodAccessorImpl.java:43)
	at java.base/java.lang.reflect.Method.invoke(Method.java:566)
	at org.junit.runners.model.FrameworkMethod$1.runReflectiveCall(FrameworkMethod.java:50)
	at org.junit.internal.runners.model.ReflectiveCallable.run(ReflectiveCallable.java:12)
	at org.junit.runners.model.FrameworkMethod.invokeExplosively(FrameworkMethod.java:47)
	at org.junit.internal.runners.statements.InvokeMethod.evaluate(InvokeMethod.java:17)
	at org.junit.internal.runners.statements.RunBefores.evaluate(RunBefores.java:26)
	at org.junit.internal.runners.statements.RunAfters.evaluate(RunAfters.java:27)
	at org.junit.rules.TestWatcher$1.evaluate(TestWatcher.java:55)
	at org.junit.rules.RunRules.evaluate(RunRules.java:20)
	at org.junit.runners.ParentRunner.runLeaf(ParentRunner.java:325)
	at org.junit.runners.BlockJUnit4ClassRunner.runChild(BlockJUnit4ClassRunner.java:78)
	at org.junit.runners.BlockJUnit4ClassRunner.runChild(BlockJUnit4ClassRunner.java:57)
	at org.junit.runners.ParentRunner$3.run(ParentRunner.java:290)
	at org.junit.runners.ParentRunner$1.schedule(ParentRunner.java:71)
	at org.junit.runners.ParentRunner.runChildren(ParentRunner.java:288)
	at org.junit.runners.ParentRunner.access$000(ParentRunner.java:58)
	at org.junit.runners.ParentRunner$2.evaluate(ParentRunner.java:268)
	at org.junit.internal.runners.statements.RunBefores.evaluate(RunBefores.java:26)
	at org.junit.internal.runners.statements.RunAfters.evaluate(RunAfters.java:27)
	at org.junit.runners.ParentRunner.run(ParentRunner.java:363)
	at org.apache.maven.surefire.junit4.JUnit4Provider.execute(JUnit4Provider.java:252)
	at org.apache.maven.surefire.junit4.JUnit4Provider.executeTestSet(JUnit4Provider.java:141)
	at org.apache.maven.surefire.junit4.JUnit4Provider.invoke(JUnit4Provider.java:112)
	at java.base/jdk.internal.reflect.NativeMethodAccessorImpl.invoke0(Native Method)
	at java.base/jdk.internal.reflect.NativeMethodAccessorImpl.invoke(NativeMethodAccessorImpl.java:62)
	at java.base/jdk.internal.reflect.DelegatingMethodAccessorImpl.invoke(DelegatingMethodAccessorImpl.java:43)
	at java.base/java.lang.reflect.Method.invoke(Method.java:566)
	at org.apache.maven.surefire.util.ReflectionUtils.invokeMethodWithArray(ReflectionUtils.java:189)
	at org.apache.maven.surefire.booter.ProviderFactory$ProviderProxy.invoke(ProviderFactory.java:165)
	at org.apache.maven.surefire.booter.ProviderFactory.invokeProvider(ProviderFactory.java:85)
	at org.apache.maven.surefire.booter.ForkedBooter.runSuitesInProcess(ForkedBooter.java:115)
	at org.apache.maven.surefire.booter.ForkedBooter.main(ForkedBooter.java:75)
Caused by: org.apache.commons.vfs2.FileSystemException: Expecting // to follow the scheme in URI &quot;azsb://null/***YOUR TEST CONTAINER***/file05&quot;.
	at org.apache.commons.vfs2.provider.HostFileNameParser.extractToPath(HostFileNameParser.java:79)
	at org.apache.commons.vfs2.provider.URLFileNameParser.parseUri(URLFileNameParser.java:47)
	at org.apache.commons.vfs2.provider.AbstractFileProvider.parseUri(AbstractFileProvider.java:179)
	at org.apache.commons.vfs2.provider.AbstractOriginatingFileProvider.findFile(AbstractOriginatingFileProvider.java:49)
	... 38 more
</error>
    <system-out>12:49:41.644 [main] DEBUG com.sludev.commons.vfs2.provider.azure.AzFileProviderTest - Error setting up remote folder structure.  Have you set the test001.properties file?
org.apache.commons.vfs2.FileSystemException: Invalid absolute URI &quot;azsb://null/***YOUR TEST CONTAINER***/uploadFile02\dir01\file01&quot;.
	at org.apache.commons.vfs2.provider.AbstractOriginatingFileProvider.findFile(AbstractOriginatingFileProvider.java:51) ~[commons-vfs2-2.3.jar:2.3]
	at org.apache.commons.vfs2.impl.DefaultFileSystemManager.resolveFile(DefaultFileSystemManager.java:716) ~[commons-vfs2-2.3.jar:2.3]
	at org.apache.commons.vfs2.impl.DefaultFileSystemManager.resolveFile(DefaultFileSystemManager.java:653) ~[commons-vfs2-2.3.jar:2.3]
	at com.sludev.commons.vfs2.provider.azure.AzTestUtils.uploadFile(AzTestUtils.java:54) ~[test-classes/:?]
	at com.sludev.commons.vfs2.provider.azure.AzFileProviderTest.uploadFileSetup02(AzFileProviderTest.java:377) ~[test-classes/:?]
	at com.sludev.commons.vfs2.provider.azure.AzFileProviderTest.setUp(AzFileProviderTest.java:80) [test-classes/:?]
	at jdk.internal.reflect.NativeMethodAccessorImpl.invoke0(Native Method) ~[?:?]
	at jdk.internal.reflect.NativeMethodAccessorImpl.invoke(NativeMethodAccessorImpl.java:62) ~[?:?]
	at jdk.internal.reflect.DelegatingMethodAccessorImpl.invoke(DelegatingMethodAccessorImpl.java:43) ~[?:?]
	at java.lang.reflect.Method.invoke(Method.java:566) ~[?:?]
	at org.junit.runners.model.FrameworkMethod$1.runReflectiveCall(FrameworkMethod.java:50) [junit-4.12.jar:4.12]
	at org.junit.internal.runners.model.ReflectiveCallable.run(ReflectiveCallable.java:12) [junit-4.12.jar:4.12]
	at org.junit.runners.model.FrameworkMethod.invokeExplosively(FrameworkMethod.java:47) [junit-4.12.jar:4.12]
	at org.junit.internal.runners.statements.RunBefores.evaluate(RunBefores.java:24) [junit-4.12.jar:4.12]
	at org.junit.internal.runners.statements.RunAfters.evaluate(RunAfters.java:27) [junit-4.12.jar:4.12]
	at org.junit.rules.TestWatcher$1.evaluate(TestWatcher.java:55) [junit-4.12.jar:4.12]
	at org.junit.rules.RunRules.evaluate(RunRules.java:20) [junit-4.12.jar:4.12]
	at org.junit.runners.ParentRunner.runLeaf(ParentRunner.java:325) [junit-4.12.jar:4.12]
	at org.junit.runners.BlockJUnit4ClassRunner.runChild(BlockJUnit4ClassRunner.java:78) [junit-4.12.jar:4.12]
	at org.junit.runners.BlockJUnit4ClassRunner.runChild(BlockJUnit4ClassRunner.java:57) [junit-4.12.jar:4.12]
	at org.junit.runners.ParentRunner$3.run(ParentRunner.java:290) [junit-4.12.jar:4.12]
	at org.junit.runners.ParentRunner$1.schedule(ParentRunner.java:71) [junit-4.12.jar:4.12]
	at org.junit.runners.ParentRunner.runChildren(ParentRunner.java:288) [junit-4.12.jar:4.12]
	at org.junit.runners.ParentRunner.access$000(ParentRunner.java:58) [junit-4.12.jar:4.12]
	at org.junit.runners.ParentRunner$2.evaluate(ParentRunner.java:268) [junit-4.12.jar:4.12]
	at org.junit.internal.runners.statements.RunBefores.evaluate(RunBefores.java:26) [junit-4.12.jar:4.12]
	at org.junit.internal.runners.statements.RunAfters.evaluate(RunAfters.java:27) [junit-4.12.jar:4.12]
	at org.junit.runners.ParentRunner.run(ParentRunner.java:363) [junit-4.12.jar:4.12]
	at org.apache.maven.surefire.junit4.JUnit4Provider.execute(JUnit4Provider.java:252) [surefire-junit4-2.12.4.jar:2.12.4]
	at org.apache.maven.surefire.junit4.JUnit4Provider.executeTestSet(JUnit4Provider.java:141) [surefire-junit4-2.12.4.jar:2.12.4]
	at org.apache.maven.surefire.junit4.JUnit4Provider.invoke(JUnit4Provider.java:112) [surefire-junit4-2.12.4.jar:2.12.4]
	at jdk.internal.reflect.NativeMethodAccessorImpl.invoke0(Native Method) ~[?:?]
	at jdk.internal.reflect.NativeMethodAccessorImpl.invoke(NativeMethodAccessorImpl.java:62) ~[?:?]
	at jdk.internal.reflect.DelegatingMethodAccessorImpl.invoke(DelegatingMethodAccessorImpl.java:43) ~[?:?]
	at java.lang.reflect.Method.invoke(Method.java:566) ~[?:?]
	at org.apache.maven.surefire.util.ReflectionUtils.invokeMethodWithArray(ReflectionUtils.java:189) [surefire-api-2.12.4.jar:2.12.4]
	at org.apache.maven.surefire.booter.ProviderFactory$ProviderProxy.invoke(ProviderFactory.java:165) [surefire-booter-2.12.4.jar:2.12.4]
	at org.apache.maven.surefire.booter.ProviderFactory.invokeProvider(ProviderFactory.java:85) [surefire-booter-2.12.4.jar:2.12.4]
	at org.apache.maven.surefire.booter.ForkedBooter.runSuitesInProcess(ForkedBooter.java:115) [surefire-booter-2.12.4.jar:2.12.4]
	at org.apache.maven.surefire.booter.ForkedBooter.main(ForkedBooter.java:75) [surefire-booter-2.12.4.jar:2.12.4]
Caused by: org.apache.commons.vfs2.FileSystemException: Expecting // to follow the scheme in URI &quot;azsb://null/***YOUR TEST CONTAINER***/uploadFile02\dir01\file01&quot;.
	at org.apache.commons.vfs2.provider.HostFileNameParser.extractToPath(HostFileNameParser.java:79) ~[commons-vfs2-2.3.jar:2.3]
	at org.apache.commons.vfs2.provider.URLFileNameParser.parseUri(URLFileNameParser.java:47) ~[commons-vfs2-2.3.jar:2.3]
	at org.apache.commons.vfs2.provider.AbstractFileProvider.parseUri(AbstractFileProvider.java:179) ~[commons-vfs2-2.3.jar:2.3]
	at org.apache.commons.vfs2.provider.AbstractOriginatingFileProvider.findFile(AbstractOriginatingFileProvider.java:49) ~[commons-vfs2-2.3.jar:2.3]
	... 39 more
12:49:41.646 [main] INFO  com.sludev.commons.vfs2.provider.azure.AzTestWatcher - A006_testContent(com.sludev.commons.vfs2.provider.azure.AzFileProviderTest) failed There were 2 errors:
  org.apache.commons.vfs2.FileSystemException(Invalid absolute URI &quot;azsb://null/***YOUR TEST CONTAINER***/file05&quot;.)
  org.apache.commons.vfs2.FileSystemException(Invalid absolute URI &quot;azsb://null/***YOUR TEST CONTAINER***/uploadFile02\dir01\file01&quot;.)
</system-out>
  </testcase>
  <testcase classname="com.sludev.commons.vfs2.provider.azure.AzFileProviderTest" name="A006_testContent" time="0.008">
    <error message="Invalid absolute URI &quot;azsb://null/***YOUR TEST CONTAINER***/uploadFile02\dir01\file01&quot;." type="org.apache.commons.vfs2.FileSystemException">org.apache.commons.vfs2.FileSystemException: Invalid absolute URI &quot;azsb://null/***YOUR TEST CONTAINER***/uploadFile02\dir01\file01&quot;.
	at org.apache.commons.vfs2.provider.AbstractOriginatingFileProvider.findFile(AbstractOriginatingFileProvider.java:51)
	at org.apache.commons.vfs2.impl.DefaultFileSystemManager.resolveFile(DefaultFileSystemManager.java:716)
	at org.apache.commons.vfs2.impl.DefaultFileSystemManager.resolveFile(DefaultFileSystemManager.java:653)
	at com.sludev.commons.vfs2.provider.azure.AzTestUtils.deleteFile(AzTestUtils.java:77)
	at com.sludev.commons.vfs2.provider.azure.AzFileProviderTest.removeFileSetup02(AzFileProviderTest.java:350)
	at com.sludev.commons.vfs2.provider.azure.AzFileProviderTest.tearDown(AzFileProviderTest.java:101)
	at java.base/jdk.internal.reflect.NativeMethodAccessorImpl.invoke0(Native Method)
	at java.base/jdk.internal.reflect.NativeMethodAccessorImpl.invoke(NativeMethodAccessorImpl.java:62)
	at java.base/jdk.internal.reflect.DelegatingMethodAccessorImpl.invoke(DelegatingMethodAccessorImpl.java:43)
	at java.base/java.lang.reflect.Method.invoke(Method.java:566)
	at org.junit.runners.model.FrameworkMethod$1.runReflectiveCall(FrameworkMethod.java:50)
	at org.junit.internal.runners.model.ReflectiveCallable.run(ReflectiveCallable.java:12)
	at org.junit.runners.model.FrameworkMethod.invokeExplosively(FrameworkMethod.java:47)
	at org.junit.internal.runners.statements.RunAfters.evaluate(RunAfters.java:33)
	at org.junit.rules.TestWatcher$1.evaluate(TestWatcher.java:55)
	at org.junit.rules.RunRules.evaluate(RunRules.java:20)
	at org.junit.runners.ParentRunner.runLeaf(ParentRunner.java:325)
	at org.junit.runners.BlockJUnit4ClassRunner.runChild(BlockJUnit4ClassRunner.java:78)
	at org.junit.runners.BlockJUnit4ClassRunner.runChild(BlockJUnit4ClassRunner.java:57)
	at org.junit.runners.ParentRunner$3.run(ParentRunner.java:290)
	at org.junit.runners.ParentRunner$1.schedule(ParentRunner.java:71)
	at org.junit.runners.ParentRunner.runChildren(ParentRunner.java:288)
	at org.junit.runners.ParentRunner.access$000(ParentRunner.java:58)
	at org.junit.runners.ParentRunner$2.evaluate(ParentRunner.java:268)
	at org.junit.internal.runners.statements.RunBefores.evaluate(RunBefores.java:26)
	at org.junit.internal.runners.statements.RunAfters.evaluate(RunAfters.java:27)
	at org.junit.runners.ParentRunner.run(ParentRunner.java:363)
	at org.apache.maven.surefire.junit4.JUnit4Provider.execute(JUnit4Provider.java:252)
	at org.apache.maven.surefire.junit4.JUnit4Provider.executeTestSet(JUnit4Provider.java:141)
	at org.apache.maven.surefire.junit4.JUnit4Provider.invoke(JUnit4Provider.java:112)
	at java.base/jdk.internal.reflect.NativeMethodAccessorImpl.invoke0(Native Method)
	at java.base/jdk.internal.reflect.NativeMethodAccessorImpl.invoke(NativeMethodAccessorImpl.java:62)
	at java.base/jdk.internal.reflect.DelegatingMethodAccessorImpl.invoke(DelegatingMethodAccessorImpl.java:43)
	at java.base/java.lang.reflect.Method.invoke(Method.java:566)
	at org.apache.maven.surefire.util.ReflectionUtils.invokeMethodWithArray(ReflectionUtils.java:189)
	at org.apache.maven.surefire.booter.ProviderFactory$ProviderProxy.invoke(ProviderFactory.java:165)
	at org.apache.maven.surefire.booter.ProviderFactory.invokeProvider(ProviderFactory.java:85)
	at org.apache.maven.surefire.booter.ForkedBooter.runSuitesInProcess(ForkedBooter.java:115)
	at org.apache.maven.surefire.booter.ForkedBooter.main(ForkedBooter.java:75)
Caused by: org.apache.commons.vfs2.FileSystemException: Expecting // to follow the scheme in URI &quot;azsb://null/***YOUR TEST CONTAINER***/uploadFile02\dir01\file01&quot;.
	at org.apache.commons.vfs2.provider.HostFileNameParser.extractToPath(HostFileNameParser.java:79)
	at org.apache.commons.vfs2.provider.URLFileNameParser.parseUri(URLFileNameParser.java:47)
	at org.apache.commons.vfs2.provider.AbstractFileProvider.parseUri(AbstractFileProvider.java:179)
	at org.apache.commons.vfs2.provider.AbstractOriginatingFileProvider.findFile(AbstractOriginatingFileProvider.java:49)
	... 38 more
</error>
  </testcase>
  <testcase classname="com.sludev.commons.vfs2.provider.azure.AzFileProviderTest" name="A007_deleteFile" time="0.002">
    <error message="Invalid absolute URI &quot;azsb://null/***YOUR TEST CONTAINER***/test01.tmp&quot;." type="org.apache.commons.vfs2.FileSystemException">org.apache.commons.vfs2.FileSystemException: Invalid absolute URI &quot;azsb://null/***YOUR TEST CONTAINER***/test01.tmp&quot;.
	at org.apache.commons.vfs2.provider.AbstractOriginatingFileProvider.findFile(AbstractOriginatingFileProvider.java:51)
	at org.apache.commons.vfs2.impl.DefaultFileSystemManager.resolveFile(DefaultFileSystemManager.java:716)
	at org.apache.commons.vfs2.impl.DefaultFileSystemManager.resolveFile(DefaultFileSystemManager.java:653)
	at com.sludev.commons.vfs2.provider.azure.AzFileProviderTest.A007_deleteFile(AzFileProviderTest.java:335)
	at java.base/jdk.internal.reflect.NativeMethodAccessorImpl.invoke0(Native Method)
	at java.base/jdk.internal.reflect.NativeMethodAccessorImpl.invoke(NativeMethodAccessorImpl.java:62)
	at java.base/jdk.internal.reflect.DelegatingMethodAccessorImpl.invoke(DelegatingMethodAccessorImpl.java:43)
	at java.base/java.lang.reflect.Method.invoke(Method.java:566)
	at org.junit.runners.model.FrameworkMethod$1.runReflectiveCall(FrameworkMethod.java:50)
	at org.junit.internal.runners.model.ReflectiveCallable.run(ReflectiveCallable.java:12)
	at org.junit.runners.model.FrameworkMethod.invokeExplosively(FrameworkMethod.java:47)
	at org.junit.internal.runners.statements.InvokeMethod.evaluate(InvokeMethod.java:17)
	at org.junit.internal.runners.statements.RunBefores.evaluate(RunBefores.java:26)
	at org.junit.internal.runners.statements.RunAfters.evaluate(RunAfters.java:27)
	at org.junit.rules.TestWatcher$1.evaluate(TestWatcher.java:55)
	at org.junit.rules.RunRules.evaluate(RunRules.java:20)
	at org.junit.runners.ParentRunner.runLeaf(ParentRunner.java:325)
	at org.junit.runners.BlockJUnit4ClassRunner.runChild(BlockJUnit4ClassRunner.java:78)
	at org.junit.runners.BlockJUnit4ClassRunner.runChild(BlockJUnit4ClassRunner.java:57)
	at org.junit.runners.ParentRunner$3.run(ParentRunner.java:290)
	at org.junit.runners.ParentRunner$1.schedule(ParentRunner.java:71)
	at org.junit.runners.ParentRunner.runChildren(ParentRunner.java:288)
	at org.junit.runners.ParentRunner.access$000(ParentRunner.java:58)
	at org.junit.runners.ParentRunner$2.evaluate(ParentRunner.java:268)
	at org.junit.internal.runners.statements.RunBefores.evaluate(RunBefores.java:26)
	at org.junit.internal.runners.statements.RunAfters.evaluate(RunAfters.java:27)
	at org.junit.runners.ParentRunner.run(ParentRunner.java:363)
	at org.apache.maven.surefire.junit4.JUnit4Provider.execute(JUnit4Provider.java:252)
	at org.apache.maven.surefire.junit4.JUnit4Provider.executeTestSet(JUnit4Provider.java:141)
	at org.apache.maven.surefire.junit4.JUnit4Provider.invoke(JUnit4Provider.java:112)
	at java.base/jdk.internal.reflect.NativeMethodAccessorImpl.invoke0(Native Method)
	at java.base/jdk.internal.reflect.NativeMethodAccessorImpl.invoke(NativeMethodAccessorImpl.java:62)
	at java.base/jdk.internal.reflect.DelegatingMethodAccessorImpl.invoke(DelegatingMethodAccessorImpl.java:43)
	at java.base/java.lang.reflect.Method.invoke(Method.java:566)
	at org.apache.maven.surefire.util.ReflectionUtils.invokeMethodWithArray(ReflectionUtils.java:189)
	at org.apache.maven.surefire.booter.ProviderFactory$ProviderProxy.invoke(ProviderFactory.java:165)
	at org.apache.maven.surefire.booter.ProviderFactory.invokeProvider(ProviderFactory.java:85)
	at org.apache.maven.surefire.booter.ForkedBooter.runSuitesInProcess(ForkedBooter.java:115)
	at org.apache.maven.surefire.booter.ForkedBooter.main(ForkedBooter.java:75)
Caused by: org.apache.commons.vfs2.FileSystemException: Expecting // to follow the scheme in URI &quot;azsb://null/***YOUR TEST CONTAINER***/test01.tmp&quot;.
	at org.apache.commons.vfs2.provider.HostFileNameParser.extractToPath(HostFileNameParser.java:79)
	at org.apache.commons.vfs2.provider.URLFileNameParser.parseUri(URLFileNameParser.java:47)
	at org.apache.commons.vfs2.provider.AbstractFileProvider.parseUri(AbstractFileProvider.java:179)
	at org.apache.commons.vfs2.provider.AbstractOriginatingFileProvider.findFile(AbstractOriginatingFileProvider.java:49)
	... 38 more
</error>
    <system-out>12:49:41.649 [main] DEBUG com.sludev.commons.vfs2.provider.azure.AzFileProviderTest - Error setting up remote folder structure.  Have you set the test001.properties file?
org.apache.commons.vfs2.FileSystemException: Invalid absolute URI &quot;azsb://null/***YOUR TEST CONTAINER***/uploadFile02\dir01\file01&quot;.
	at org.apache.commons.vfs2.provider.AbstractOriginatingFileProvider.findFile(AbstractOriginatingFileProvider.java:51) ~[commons-vfs2-2.3.jar:2.3]
	at org.apache.commons.vfs2.impl.DefaultFileSystemManager.resolveFile(DefaultFileSystemManager.java:716) ~[commons-vfs2-2.3.jar:2.3]
	at org.apache.commons.vfs2.impl.DefaultFileSystemManager.resolveFile(DefaultFileSystemManager.java:653) ~[commons-vfs2-2.3.jar:2.3]
	at com.sludev.commons.vfs2.provider.azure.AzTestUtils.uploadFile(AzTestUtils.java:54) ~[test-classes/:?]
	at com.sludev.commons.vfs2.provider.azure.AzFileProviderTest.uploadFileSetup02(AzFileProviderTest.java:377) ~[test-classes/:?]
	at com.sludev.commons.vfs2.provider.azure.AzFileProviderTest.setUp(AzFileProviderTest.java:80) [test-classes/:?]
	at jdk.internal.reflect.NativeMethodAccessorImpl.invoke0(Native Method) ~[?:?]
	at jdk.internal.reflect.NativeMethodAccessorImpl.invoke(NativeMethodAccessorImpl.java:62) ~[?:?]
	at jdk.internal.reflect.DelegatingMethodAccessorImpl.invoke(DelegatingMethodAccessorImpl.java:43) ~[?:?]
	at java.lang.reflect.Method.invoke(Method.java:566) ~[?:?]
	at org.junit.runners.model.FrameworkMethod$1.runReflectiveCall(FrameworkMethod.java:50) [junit-4.12.jar:4.12]
	at org.junit.internal.runners.model.ReflectiveCallable.run(ReflectiveCallable.java:12) [junit-4.12.jar:4.12]
	at org.junit.runners.model.FrameworkMethod.invokeExplosively(FrameworkMethod.java:47) [junit-4.12.jar:4.12]
	at org.junit.internal.runners.statements.RunBefores.evaluate(RunBefores.java:24) [junit-4.12.jar:4.12]
	at org.junit.internal.runners.statements.RunAfters.evaluate(RunAfters.java:27) [junit-4.12.jar:4.12]
	at org.junit.rules.TestWatcher$1.evaluate(TestWatcher.java:55) [junit-4.12.jar:4.12]
	at org.junit.rules.RunRules.evaluate(RunRules.java:20) [junit-4.12.jar:4.12]
	at org.junit.runners.ParentRunner.runLeaf(ParentRunner.java:325) [junit-4.12.jar:4.12]
	at org.junit.runners.BlockJUnit4ClassRunner.runChild(BlockJUnit4ClassRunner.java:78) [junit-4.12.jar:4.12]
	at org.junit.runners.BlockJUnit4ClassRunner.runChild(BlockJUnit4ClassRunner.java:57) [junit-4.12.jar:4.12]
	at org.junit.runners.ParentRunner$3.run(ParentRunner.java:290) [junit-4.12.jar:4.12]
	at org.junit.runners.ParentRunner$1.schedule(ParentRunner.java:71) [junit-4.12.jar:4.12]
	at org.junit.runners.ParentRunner.runChildren(ParentRunner.java:288) [junit-4.12.jar:4.12]
	at org.junit.runners.ParentRunner.access$000(ParentRunner.java:58) [junit-4.12.jar:4.12]
	at org.junit.runners.ParentRunner$2.evaluate(ParentRunner.java:268) [junit-4.12.jar:4.12]
	at org.junit.internal.runners.statements.RunBefores.evaluate(RunBefores.java:26) [junit-4.12.jar:4.12]
	at org.junit.internal.runners.statements.RunAfters.evaluate(RunAfters.java:27) [junit-4.12.jar:4.12]
	at org.junit.runners.ParentRunner.run(ParentRunner.java:363) [junit-4.12.jar:4.12]
	at org.apache.maven.surefire.junit4.JUnit4Provider.execute(JUnit4Provider.java:252) [surefire-junit4-2.12.4.jar:2.12.4]
	at org.apache.maven.surefire.junit4.JUnit4Provider.executeTestSet(JUnit4Provider.java:141) [surefire-junit4-2.12.4.jar:2.12.4]
	at org.apache.maven.surefire.junit4.JUnit4Provider.invoke(JUnit4Provider.java:112) [surefire-junit4-2.12.4.jar:2.12.4]
	at jdk.internal.reflect.NativeMethodAccessorImpl.invoke0(Native Method) ~[?:?]
	at jdk.internal.reflect.NativeMethodAccessorImpl.invoke(NativeMethodAccessorImpl.java:62) ~[?:?]
	at jdk.internal.reflect.DelegatingMethodAccessorImpl.invoke(DelegatingMethodAccessorImpl.java:43) ~[?:?]
	at java.lang.reflect.Method.invoke(Method.java:566) ~[?:?]
	at org.apache.maven.surefire.util.ReflectionUtils.invokeMethodWithArray(ReflectionUtils.java:189) [surefire-api-2.12.4.jar:2.12.4]
	at org.apache.maven.surefire.booter.ProviderFactory$ProviderProxy.invoke(ProviderFactory.java:165) [surefire-booter-2.12.4.jar:2.12.4]
	at org.apache.maven.surefire.booter.ProviderFactory.invokeProvider(ProviderFactory.java:85) [surefire-booter-2.12.4.jar:2.12.4]
	at org.apache.maven.surefire.booter.ForkedBooter.runSuitesInProcess(ForkedBooter.java:115) [surefire-booter-2.12.4.jar:2.12.4]
	at org.apache.maven.surefire.booter.ForkedBooter.main(ForkedBooter.java:75) [surefire-booter-2.12.4.jar:2.12.4]
Caused by: org.apache.commons.vfs2.FileSystemException: Expecting // to follow the scheme in URI &quot;azsb://null/***YOUR TEST CONTAINER***/uploadFile02\dir01\file01&quot;.
	at org.apache.commons.vfs2.provider.HostFileNameParser.extractToPath(HostFileNameParser.java:79) ~[commons-vfs2-2.3.jar:2.3]
	at org.apache.commons.vfs2.provider.URLFileNameParser.parseUri(URLFileNameParser.java:47) ~[commons-vfs2-2.3.jar:2.3]
	at org.apache.commons.vfs2.provider.AbstractFileProvider.parseUri(AbstractFileProvider.java:179) ~[commons-vfs2-2.3.jar:2.3]
	at org.apache.commons.vfs2.provider.AbstractOriginatingFileProvider.findFile(AbstractOriginatingFileProvider.java:49) ~[commons-vfs2-2.3.jar:2.3]
	... 39 more
12:49:41.650 [main] INFO  com.sludev.commons.vfs2.provider.azure.AzTestWatcher - A007_deleteFile(com.sludev.commons.vfs2.provider.azure.AzFileProviderTest) failed There were 2 errors:
  org.apache.commons.vfs2.FileSystemException(Invalid absolute URI &quot;azsb://null/***YOUR TEST CONTAINER***/test01.tmp&quot;.)
  org.apache.commons.vfs2.FileSystemException(Invalid absolute URI &quot;azsb://null/***YOUR TEST CONTAINER***/uploadFile02\dir01\file01&quot;.)
</system-out>
  </testcase>
  <testcase classname="com.sludev.commons.vfs2.provider.azure.AzFileProviderTest" name="A007_deleteFile" time="0.002">
    <error message="Invalid absolute URI &quot;azsb://null/***YOUR TEST CONTAINER***/uploadFile02\dir01\file01&quot;." type="org.apache.commons.vfs2.FileSystemException">org.apache.commons.vfs2.FileSystemException: Invalid absolute URI &quot;azsb://null/***YOUR TEST CONTAINER***/uploadFile02\dir01\file01&quot;.
	at org.apache.commons.vfs2.provider.AbstractOriginatingFileProvider.findFile(AbstractOriginatingFileProvider.java:51)
	at org.apache.commons.vfs2.impl.DefaultFileSystemManager.resolveFile(DefaultFileSystemManager.java:716)
	at org.apache.commons.vfs2.impl.DefaultFileSystemManager.resolveFile(DefaultFileSystemManager.java:653)
	at com.sludev.commons.vfs2.provider.azure.AzTestUtils.deleteFile(AzTestUtils.java:77)
	at com.sludev.commons.vfs2.provider.azure.AzFileProviderTest.removeFileSetup02(AzFileProviderTest.java:350)
	at com.sludev.commons.vfs2.provider.azure.AzFileProviderTest.tearDown(AzFileProviderTest.java:101)
	at java.base/jdk.internal.reflect.NativeMethodAccessorImpl.invoke0(Native Method)
	at java.base/jdk.internal.reflect.NativeMethodAccessorImpl.invoke(NativeMethodAccessorImpl.java:62)
	at java.base/jdk.internal.reflect.DelegatingMethodAccessorImpl.invoke(DelegatingMethodAccessorImpl.java:43)
	at java.base/java.lang.reflect.Method.invoke(Method.java:566)
	at org.junit.runners.model.FrameworkMethod$1.runReflectiveCall(FrameworkMethod.java:50)
	at org.junit.internal.runners.model.ReflectiveCallable.run(ReflectiveCallable.java:12)
	at org.junit.runners.model.FrameworkMethod.invokeExplosively(FrameworkMethod.java:47)
	at org.junit.internal.runners.statements.RunAfters.evaluate(RunAfters.java:33)
	at org.junit.rules.TestWatcher$1.evaluate(TestWatcher.java:55)
	at org.junit.rules.RunRules.evaluate(RunRules.java:20)
	at org.junit.runners.ParentRunner.runLeaf(ParentRunner.java:325)
	at org.junit.runners.BlockJUnit4ClassRunner.runChild(BlockJUnit4ClassRunner.java:78)
	at org.junit.runners.BlockJUnit4ClassRunner.runChild(BlockJUnit4ClassRunner.java:57)
	at org.junit.runners.ParentRunner$3.run(ParentRunner.java:290)
	at org.junit.runners.ParentRunner$1.schedule(ParentRunner.java:71)
	at org.junit.runners.ParentRunner.runChildren(ParentRunner.java:288)
	at org.junit.runners.ParentRunner.access$000(ParentRunner.java:58)
	at org.junit.runners.ParentRunner$2.evaluate(ParentRunner.java:268)
	at org.junit.internal.runners.statements.RunBefores.evaluate(RunBefores.java:26)
	at org.junit.internal.runners.statements.RunAfters.evaluate(RunAfters.java:27)
	at org.junit.runners.ParentRunner.run(ParentRunner.java:363)
	at org.apache.maven.surefire.junit4.JUnit4Provider.execute(JUnit4Provider.java:252)
	at org.apache.maven.surefire.junit4.JUnit4Provider.executeTestSet(JUnit4Provider.java:141)
	at org.apache.maven.surefire.junit4.JUnit4Provider.invoke(JUnit4Provider.java:112)
	at java.base/jdk.internal.reflect.NativeMethodAccessorImpl.invoke0(Native Method)
	at java.base/jdk.internal.reflect.NativeMethodAccessorImpl.invoke(NativeMethodAccessorImpl.java:62)
	at java.base/jdk.internal.reflect.DelegatingMethodAccessorImpl.invoke(DelegatingMethodAccessorImpl.java:43)
	at java.base/java.lang.reflect.Method.invoke(Method.java:566)
	at org.apache.maven.surefire.util.ReflectionUtils.invokeMethodWithArray(ReflectionUtils.java:189)
	at org.apache.maven.surefire.booter.ProviderFactory$ProviderProxy.invoke(ProviderFactory.java:165)
	at org.apache.maven.surefire.booter.ProviderFactory.invokeProvider(ProviderFactory.java:85)
	at org.apache.maven.surefire.booter.ForkedBooter.runSuitesInProcess(ForkedBooter.java:115)
	at org.apache.maven.surefire.booter.ForkedBooter.main(ForkedBooter.java:75)
Caused by: org.apache.commons.vfs2.FileSystemException: Expecting // to follow the scheme in URI &quot;azsb://null/***YOUR TEST CONTAINER***/uploadFile02\dir01\file01&quot;.
	at org.apache.commons.vfs2.provider.HostFileNameParser.extractToPath(HostFileNameParser.java:79)
	at org.apache.commons.vfs2.provider.URLFileNameParser.parseUri(URLFileNameParser.java:47)
	at org.apache.commons.vfs2.provider.AbstractFileProvider.parseUri(AbstractFileProvider.java:179)
	at org.apache.commons.vfs2.provider.AbstractOriginatingFileProvider.findFile(AbstractOriginatingFileProvider.java:49)
	... 38 more
</error>
  </testcase>
</testsuite>